         w __cxa_begin_cleanup
         w __cxa_call_unexpected
         w __cxa_type_match
         w __deregister_frame_info
         w __gnu_Unwind_Find_exidx
         w __register_frame_info
         w userAppExit
         w userAppInit
00000000 a shift
00000000 a shift
00000000 00000004 d simd_huffman
00000000 A __sync_synchronize
00000000 d _TLS_MODULE_BASE_
00000004 00000004 d simd_support
00000008 00000802 B __ctru_dev_utf16_buf
0000080c 00000401 B __ctru_dev_path_buf
00100000 A __start__
00100000 T _start
00100008 T __service_ptr
0010000c T __apt_appid
00100010 T __heap_size
00100014 T __linear_heap_size
00100018 T __system_arglist
0010001c T __system_runflags
00100020 t startup
00100058 t ClearMem
0010006c t ClrLoop
00100094 T _init
001000ac T __aeabi_uidiv
001000ac 000001ec T __udivsi3
001000ac t .udivsi3_skip_div0_test
00100298 00000020 T __aeabi_uidivmod
001002b8 T __aeabi_idiv
001002b8 00000220 T __divsi3
001002c0 t .divsi3_skip_div0_test
001004d8 00000020 T __aeabi_idivmod
001004f8 00000004 W __aeabi_idiv0
001004f8 00000004 W __aeabi_ldiv0
001004fc T __aeabi_drsub
00100504 000002b0 T __aeabi_dsub
00100504 000002b0 T __subdf3
00100508 000002ac T __adddf3
00100508 000002ac T __aeabi_dadd
001007b4 00000024 T __aeabi_ui2d
001007b4 00000024 T __floatunsidf
001007d8 00000028 T __aeabi_i2d
001007d8 00000028 T __floatsidf
00100800 00000048 T __aeabi_f2d
00100800 00000048 T __extendsfdf2
00100848 00000074 T __aeabi_ul2d
00100848 00000074 T __floatundidf
0010085c 00000060 T __aeabi_l2d
0010085c 00000060 T __floatdidf
001008bc 0000019c T __aeabi_frsub
001008c4 00000194 T __aeabi_fsub
001008c4 00000194 T __subsf3
001008c8 00000190 T __addsf3
001008c8 00000190 T __aeabi_fadd
00100a58 00000028 T __aeabi_ui2f
00100a58 00000028 T __floatunsisf
00100a60 00000020 T __aeabi_i2f
00100a60 00000020 T __floatsisf
00100a80 0000008c T __aeabi_ul2f
00100a80 0000008c T __floatundisf
00100a90 0000007c T __aeabi_l2f
00100a90 0000007c T __floatdisf
00100b0c T __aeabi_ldivmod
00100be0 T __aeabi_uldivmod
00100c28 00000390 T strcmp
00100fb0 00000018 T setjmp
00100fc8 0000001c T longjmp
00100fe4 00000014 T __restore_core_regs
00100fe4 00000014 T restore_core_regs
00100ff8 T __gnu_Unwind_Restore_VFP
00101000 T __gnu_Unwind_Save_VFP
00101008 T __gnu_Unwind_Restore_VFP_D
00101010 T __gnu_Unwind_Save_VFP_D
00101018 T __gnu_Unwind_Restore_VFP_D_16_to_31
00101020 T __gnu_Unwind_Save_VFP_D_16_to_31
00101028 T __gnu_Unwind_Restore_WMMXD
0010106c T __gnu_Unwind_Save_WMMXD
001010b0 T __gnu_Unwind_Restore_WMMXC
001010c4 T __gnu_Unwind_Save_WMMXC
001010d8 00000024 T ___Unwind_RaiseException
001010d8 00000024 T _Unwind_RaiseException
001010fc 00000024 T ___Unwind_Resume
001010fc 00000024 T _Unwind_Resume
00101120 00000024 T ___Unwind_Resume_or_Rethrow
00101120 00000024 T _Unwind_Resume_or_Rethrow
00101144 00000024 T ___Unwind_ForcedUnwind
00101144 00000024 T _Unwind_ForcedUnwind
00101168 00000024 T ___Unwind_Backtrace
00101168 00000024 T _Unwind_Backtrace
0010118c t __do_global_dtors_aux
001011dc t frame_dummy
00101208 0000006c t fillBufferFromMPG
00101274 0000006c t stopPlayback.part.0
001012e0 00000058 T setPlaybackSpeed
00101338 00000018 T stopPlayback
00101350 00000180 T updateVisualizer
001014d0 000002fc T startPlayback
001017cc 00000118 T playNext
001018e4 0000011c T playPrevious
00101a00 000000e0 T fillAudio
00101ae0 00000024 t entrySort
00101b04 00000174 T scanDir
00101c78 000000a4 T goUp
00101d1c 000007ec T main
00102508 000001d8 T checkForUpdates
001026e0 0000010c t decodeJPEG.constprop.0
001027ec 00000150 t drawRoundedRect
0010293c 00000070 T saveTheme
001029ac 00000088 T loadTheme
00102a34 00000178 T loadID3Tags
00102bac 0000049c T loadCoverArt
00103048 000019c4 T drawSettingsScreen
00104a0c 00000880 T drawTopScreen
0010528c 0000074c T drawBotScreen
001059d8 000000f0 t decode_the_frame
00105ac8 000001ac t frame_buffercheck.part.0.constprop.0
00105c74 00000008 T mpg123_init
00105c7c 00000004 T mpg123_exit
00105c80 00000080 T mpg123_parnew
00105d00 00000014 T mpg123_new
00105d18 00000150 T mpg123_par
00105e68 00000090 T mpg123_param2
00105ef8 00000210 T INT123_decode_update
00106108 00000284 t get_next_frame
0010638c 00000244 T mpg123_decode
001065d0 00000030 T mpg123_read
00106600 00000080 T mpg123_getformat
00106680 00000158 T mpg123_tell
001067d8 00000198 T mpg123_length
00106970 00000060 T mpg123_close
001069d0 00000030 T mpg123_open
00106a00 00000024 T mpg123_delete
00106a24 0000017c t fi_shrink
00106ba0 00000038 T INT123_fi_init
00106bd8 00000058 T INT123_fi_exit
00106c30 00000130 T INT123_fi_resize
00106d60 000000bc T INT123_fi_add
00106e20 00000028 T INT123_fi_reset
00106e48 0000000c T INT123_init_icy
00106e54 00000024 T INT123_clear_icy
00106e78 00000024 T INT123_reset_icy
00106e9c 00000290 T INT123_synth_ntom_set_step
0010712c 00000150 T INT123_ntom_set_ntom
0010727c 00000030 T INT123_ntom_frame_outsamples
001072ac 00000100 T INT123_ntom_frmouts
001073ac 000000bc T INT123_ntom_ins2outs
00107468 00000124 T INT123_ntom_frameoff
0010758c 00000014 T mpg123_init_string
001075a0 00000030 T mpg123_free_string
001075d0 00000060 T mpg123_grow_string
00107630 00000080 T mpg123_move_string
001076b0 00000040 T mpg123_same_string
001076f0 00000014 T INT123_safe_realloc
00107704 00000724 t decode_header
00107e28 00000098 t forget_head_shift
00107ec0 000000b0 t getbits.constprop.0
00107f70 00000018 T INT123_frame_freq
00107f88 00002078 T INT123_read_frame
0010a000 0000009c T INT123_set_pointer
0010a0a0 00000038 T INT123_compute_bpf
0010a0d8 000001d4 t frame_fixed_reset
0010a2b0 00000188 t frame_fuzzy_find.constprop.0
0010a438 000000e8 T INT123_frame_outbuffer
0010a520 000000b4 T INT123_frame_index_setup
0010a5d8 0000022c T INT123_frame_init_par
0010a804 00000160 T INT123_frame_buffers
0010a968 000000a0 T INT123_frame_buffers_reset
0010aa08 00000044 T INT123_frame_fill_toc
0010aa4c 00000044 T INT123_frame_reset
0010aa90 000000f0 T INT123_frame_exit
0010ab80 00000148 T INT123_frame_index_find
0010acc8 000000ac T INT123_frame_ins2outs
0010ad74 000000b0 T INT123_frame_outs
0010ae24 00000098 T INT123_frame_expect_outsamples
0010aebc 000000ac T INT123_frame_offset
0010af68 000000a4 T INT123_frame_gapless_init
0010b00c 00000080 T INT123_frame_gapless_realinit
0010b08c 0000017c T INT123_frame_set_frameseek
0010b208 0000001c T INT123_frame_skip
0010b228 00000178 T INT123_do_rva
0010b3a0 0000065c t swap_bytes
0010b9fc 0000017c t conv_s16_to_s32
0010bb78 00000298 t cap_fit
0010be10 000001a8 t enc_chan_fit
0010bfb8 0000006c T mpg123_encsize
0010c024 00000c44 T INT123_frame_output_format
0010cc68 000001ec T mpg123_fmt_all
0010ce54 00000014 T INT123_invalidate_format
0010ce68 0000003c T INT123_decoder_synth_bytes
0010cea4 0000003c T INT123_samples_to_bytes
0010cee0 0000002c T INT123_bytes_to_samples
0010cf0c 0000005c T INT123_outblock_bytes
0010cf68 0000170c T INT123_postprocess_buffer
0010e674 000001d4 t next_text
0010e848 00000218 t promote_framename
0010ea60 000006bc t convert_utf16bom
0010f11c 000002d0 t convert_latin1
0010f3ec 00000048 t convert_utf8
0010f434 000003f0 t add_id3_text
0010f828 00000058 T INT123_init_id3
0010f880 000002b0 T INT123_exit_id3
0010fb30 00000060 T INT123_reset_id3
0010fb90 0000028c T INT123_id3_to_utf8
0010fe1c 0000011c t store_id3_text.part.0
0010ff38 00000134 T store_id3v2
0011006c 00002334 T INT123_parse_new_id3
001123a0 00000048 t synth_stereo_wrap
001123e8 00000008 T INT123_defdec
001123f0 00000020 T INT123_decclass
00112410 00000328 T INT123_set_synth_functions
00112738 000002b0 T INT123_frame_cpu_opt
001129e8 0000000c t nix_lseek
001129f4 000000b4 t plain_fullread
00112aa8 0000004c t generic_head_read
00112af4 0000004c t generic_head_shift
00112b40 00000030 t generic_read_frame_body
00112b70 00000068 t generic_tell
00112bd8 0000006c t feed_skip_bytes
00112c44 00000008 t feed_seek_frame
00112c4c 00000018 t bad_init
00112c64 00000004 t bad_close
00112c68 00000018 t bad_fullread
00112c80 00000018 t bad_head_read
00112c98 0000001c t bad_skip_bytes
00112cb4 00000018 t bad_back_bytes
00112ccc 0000001c t bad_tell
00112ce8 00000038 t plain_read
00112d20 00000130 t bc_give
00112e50 00000030 t feed_read
00112e80 00000130 t bc_add
00112fb0 000003d8 t icy_fullread
00113388 000001ac t buffered_fullread
00113534 00000124 t stream_seek_frame
00113658 00000004 t posix_lseek
0011365c 00000004 t posix_read
00113660 000000fc t buffered_forget
0011375c 00000058 t io_seek
001137b4 00000138 t stream_skip_bytes
001138ec 00000060 t stream_back_bytes
00113950 000002d8 t default_init
00113c28 00000018 t bad_read_frame_body
00113c40 00000018 t bad_seek_frame
00113c58 00000018 t bad_head_shift
00113c70 00000004 t bad_rewind
00113c74 0000008c t stream_rewind
00113d00 000001e0 t bc_fill_pool.isra.0
00113ee0 00000050 t feed_init
00113f30 0000008c t bc_reset
00113fbc 0000007c t stream_close
00114038 00000090 t feed_back_bytes
001140c8 00000038 T INT123_bc_prepare
00114100 0000000c T INT123_bc_poolsize
0011410c 00000104 T INT123_bc_cleanup
00114210 00000070 T INT123_feed_more
00114280 0000005c T INT123_open_bad
001142e0 00000104 T INT123_open_stream
001143e8 000002d8 T INT123_make_decode_tables
001146c0 00000b34 T INT123_make_conv16to8_table
001151f4 000000b4 t getbits
001152a8 000020d8 T INT123_do_layer1
00117380 000000b4 t getbits
00117434 000000ec T INT123_init_layer12_stuff
00117520 0000002c T INT123_init_layer12_table
0011754c 00001f08 T INT123_do_layer2
00119454 000002a0 t III_get_scale_factors_2
001196f4 0000045c t dct12
00119b50 000000b4 t getbits
00119c08 00001ab0 t III_dequantize_sample
0011b6b8 000012d4 t III_get_scale_factors_1.isra.0
0011c990 00000030 T INT123_init_layer3_gainpow2
0011c9c0 00000430 T INT123_init_layer3_stuff
0011cdf0 00000594 T INT123_dct36
0011d388 0000368c T INT123_do_layer3
00120a14 0000044c T INT123_synth_1to1_8bit
00120e60 000000ac T INT123_synth_1to1_8bit_mono
00120f0c 00000090 T INT123_synth_1to1_8bit_m2s
00120f9c 0000010c T INT123_synth_1to1_8bit_wrap
001210a8 000000f4 T INT123_synth_1to1_8bit_wrap_mono
0012119c 0000016c T INT123_synth_1to1_8bit_wrap_m2s
00121308 0000044c T INT123_synth_2to1_8bit
00121754 000000cc T INT123_synth_2to1_8bit_mono
00121820 000000b4 T INT123_synth_2to1_8bit_m2s
001218d4 00000658 T INT123_synth_4to1_8bit
00121f2c 0000008c T INT123_synth_4to1_8bit_mono
00121fb8 00000074 T INT123_synth_4to1_8bit_m2s
0012202c 000009ec T INT123_synth_ntom_8bit
00122a18 00000178 T INT123_synth_ntom_8bit_mono
00122b90 00000120 T INT123_synth_ntom_8bit_m2s
00122cb0 00000424 T INT123_synth_1to1
001230d4 000000ac T INT123_synth_1to1_mono
00123180 00000090 T INT123_synth_1to1_m2s
00123210 00000424 T INT123_synth_2to1
00123634 000000cc T INT123_synth_2to1_mono
00123700 000000b4 T INT123_synth_2to1_m2s
001237b4 000008fc T INT123_synth_4to1
001240b0 0000008c T INT123_synth_4to1_mono
0012413c 00000074 T INT123_synth_4to1_m2s
001241b0 00000e80 T INT123_synth_ntom
00125030 00000160 T INT123_synth_ntom_mono
00125190 00000138 T INT123_synth_ntom_m2s
001252c8 00000428 T INT123_synth_1to1_s32
001256f0 000000ac T INT123_synth_1to1_s32_mono
0012579c 000000a4 T INT123_synth_1to1_s32_m2s
00125840 00000428 T INT123_synth_2to1_s32
00125c68 000000cc T INT123_synth_2to1_s32_mono
00125d34 000000b4 T INT123_synth_2to1_s32_m2s
00125de8 00000924 T INT123_synth_4to1_s32
0012670c 0000008c T INT123_synth_4to1_s32_mono
00126798 00000074 T INT123_synth_4to1_s32_m2s
00126810 00000e64 T INT123_synth_ntom_s32
00127674 00000160 T INT123_synth_ntom_s32_mono
001277d4 0000014c T INT123_synth_ntom_s32_m2s
00127920 0000036c T INT123_synth_1to1_real
00127c8c 000000ac T INT123_synth_1to1_real_mono
00127d38 000000a8 T INT123_synth_1to1_real_m2s
00127de0 00000368 T INT123_synth_2to1_real
00128148 000000cc T INT123_synth_2to1_real_mono
00128214 000000b4 T INT123_synth_2to1_real_m2s
001282c8 0000077c T INT123_synth_4to1_real
00128a44 0000008c T INT123_synth_4to1_real_mono
00128ad0 00000074 T INT123_synth_4to1_real_m2s
00128b44 000006a4 T INT123_synth_ntom_real
001291e8 00000164 T INT123_synth_ntom_real_mono
0012934c 00000150 T INT123_synth_ntom_real_m2s
0012949c 0000000c T INT123_compat_open
001294a8 00000004 T INT123_compat_close
001294ac 0000091c T INT123_dct64
00129dc8 000000a4 T INT123_do_equalizer
00129e6c 00000044 t C2Di_FrameEndHook
00129eb0 00000368 T C2D_Init
0012a218 0000004c T C2D_Fini
0012a264 000000bc T C2D_Prepare
0012a320 00000048 T C2D_Flush
0012a368 000000fc T C2D_SceneSize
0012a464 00000060 T C2D_CreateScreenTarget
0012a4c4 00000060 T C2D_TargetClear
0012a524 0000014c T C2Di_CalcQuad
0012a670 00000054 T C2Di_AppendQuad
0012a6c4 00000040 T C2Di_AppendVtx
0012a704 00000738 T C2Di_Update
0012ae3c 000002e8 T C2D_DrawImage
0012b124 00000168 T C2D_DrawRectangle
0012b28c 00000174 T C2D_DrawEllipse
0012b400 00000018 t C2Di_GlyphComp
0012b418 00000180 t C2Di_CalcLineWidths
0012b598 000001d0 T C2D_TextBufNew
0012b768 00000004 T C2D_TextBufDelete
0012b76c 0000000c T C2D_TextBufClear
0012b778 000001c4 T C2D_TextFontParseLine
0012b93c 000000a4 T C2D_TextFontParse
0012b9e0 00000010 T C2D_TextParse
0012b9f0 00000030 T C2D_TextOptimize
0012ba20 000000e8 T C2D_TextGetDimensions
0012bb08 00000fdc T C2D_DrawText
0012cae4 00000050 T C2D_FontGlyphIndexFromCodePoint
0012cb34 00000074 T C2D_FontCalcGlyphPos
0012cba8 00000028 T AttrInfo_Init
0012cbd0 00000094 T AttrInfo_AddLoader
0012cc64 00000054 T C3D_SetAttrInfo
0012ccb8 00000080 T C3Di_AttrInfoBind
0012cd38 00000004 W C3Di_LightEnvUpdate
0012cd3c 00000004 W C3Di_LightEnvDirty
0012cd40 000000b4 t C3Di_AptEventHook
0012cdf4 00000004 W C3Di_GasUpdate
0012cdf8 000001d0 T C3D_Init
0012cfc8 00000098 T C3D_SetViewport
0012d060 000004e8 T C3Di_UpdateContext
0012d548 000000e0 T C3Di_SplitFrame
0012d628 00000044 T C3D_Fini
0012d66c 00000194 T C3D_BindProgram
0012d800 00000024 T BufInfo_Init
0012d824 00000080 T BufInfo_Add
0012d8a4 0000003c T C3D_SetBufInfo
0012d8e0 00000048 T C3Di_BufInfoBind
0012d928 0000021c T C3D_DrawElements
0012db44 00000040 T C3D_DepthMap
0012db84 0000001c T C3D_CullFace
0012dba0 00000040 T C3D_StencilTest
0012dbe0 00000024 T C3D_StencilOp
0012dc04 0000001c T C3D_BlendingColor
0012dc20 00000024 T C3D_EarlyDepthTest
0012dc44 0000002c T C3D_DepthTest
0012dc70 0000002c T C3D_AlphaTest
0012dc9c 00000050 T C3D_AlphaBlend
0012dcec 00000030 T C3D_FragOpMode
0012dd1c 00000044 T C3D_FragOpShadow
0012dd60 000001ac T C3Di_EffectBind
0012df0c 0000001c T C3D_CalcColorBufSize
0012df28 0000001c T C3D_CalcDepthBufSize
0012df44 00000044 T C3D_SetFrameBuf
0012df88 0000016c T C3Di_FrameBufBind
0012e0f4 000000c8 T C3D_FrameBufClear
0012e1bc 00000044 T C3D_FrameBufTransfer
0012e200 000000a8 T C3D_ImmSendAttrib
0012e2a8 00000070 T C3D_ProcTexInit
0012e318 00000054 T C3D_ProcTexBind
0012e36c 0000005c T C3D_ProcTexLutBind
0012e3c8 000000a4 T ProcTexLut_FromArray
0012e46c 00000178 T C3Di_ProcTexUpdate
0012e5e4 00000068 T C3Di_ProcTexDirty
0012e64c 0000004c t onVBlank0
0012e698 0000004c t onVBlank1
0012e6e4 00000080 t C3Di_RenderTargetDestroy
0012e764 000000f4 t onQueueFinish
0012e858 00000038 T C3Di_RenderQueueEnableVBlank
0012e890 00000030 T C3Di_RenderQueueDisableVBlank
0012e8c0 00000060 T C3Di_RenderQueueInit
0012e920 000000b4 T C3Di_RenderQueueExit
0012e9d4 00000034 T C3Di_RenderQueueWaitDone
0012ea08 000000e8 T C3D_FrameBegin
0012eaf0 00000048 T C3D_FrameDrawOn
0012eb38 00000058 T C3D_FrameSplit
0012eb90 000001d0 T C3D_FrameEnd
0012ed60 0000001c T C3D_FrameEndHook
0012ed7c 00000170 T C3D_RenderTargetCreate
0012eeec 000000a8 T C3D_RenderTargetSetOutput
0012ef94 00000034 T C3D_GetTexEnv
0012efc8 00000024 T C3Di_TexEnvBind
0012efec 00000290 T C3D_TexInitWithParams
0012f27c 00000044 T C3D_TexBind
0012f2c0 00000044 T C3D_TexFlush
0012f304 00000074 T C3D_TexDelete
0012f378 0000014c T C3Di_SetTex
0012f4c4 00000290 T C3D_UpdateUniforms
0012f754 000000c0 T C3Di_DirtyUniforms
0012f814 000000d8 T C3Di_LoadShaderUniforms
0012f8ec 00000028 T C3Di_ClearShaderUniforms
0012f914 000000cc T Mtx_Ortho
0012f9e0 000000cc T Mtx_OrthoTilt
0012faac 0000002c T id3_ucs4_length
0012fad8 00000084 T id3_ucs4_utf8size
0012fb5c 00000028 T id3_ucs4_utf8duplicate
0012fb84 00000058 T id3_ucs4_duplicate
0012fbdc 00000090 T id3_ucs4_putnumber
0012fc6c 00000018 T id3_latin1_decode
0012fc84 000000e0 T id3_latin1_deserialize
0012fd64 000000a8 T id3_utf16_decodechar
0012fe0c 000001c0 T id3_utf16_deserialize
0012ffcc 0000025c T id3_utf8_length
00130228 000002b4 T id3_utf8_decodechar
001304dc 0000018c T id3_utf8_encodechar
00130668 0000002c T id3_utf8_encode
00130694 000000c4 T id3_utf8_deserialize
00130758 000000e4 T id3_field_init
0013083c 00000114 T id3_field_finish
00130950 000002c4 T id3_field_parse
00130c14 00000058 T id3_field_settextencoding
00130c6c 000000a0 T id3_field_setstring
00130d0c 00000080 T id3_field_setfullstring
00130d8c 000000cc T id3_field_setstrings
00130e58 000000a0 T id3_field_addstring
00130ef8 00000070 T id3_field_setlanguage
00130f68 0000008c T id3_field_setframeid
00130ff4 000000ac T id3_field_setbinarydata
001310a0 00000048 T id3_field_getint
001310e8 0000006c T id3_field_getstrings
00131154 00000044 T id3_field_getframeid
00131198 0000009c T id3_field_getbinarydata
00131234 00000098 T id3_frame_validid
001312cc 00000154 T id3_frame_new
00131420 00000098 t unparseable
001314b8 00000084 T id3_frame_delete
0013153c 0000003c T id3_frame_addref
00131578 00000044 T id3_frame_delref
001315bc 00000048 T id3_frame_field
00131604 00000554 T id3_frame_parse
00131b58 00000088 T id3_util_deunsynchronise
00131be0 0000006c T id3_util_decompress
00131c4c 000000dc t tagtype
00131d28 00000040 T id3_tag_new
00131d68 0000003c T id3_tag_addref
00131da4 00000044 T id3_tag_delref
00131de8 00000034 T id3_tag_version
00131e1c 00000048 T id3_tag_options
00131e64 00000034 T id3_tag_setlength
00131e98 00000070 T id3_tag_clearframes
00131f08 00000058 T id3_tag_delete
00131f60 00000088 T id3_tag_attachframe
00131fe8 0000017c t v1_attachstr
00132164 00000110 T id3_tag_findframe
00132274 000000e0 T id3_tag_query
00132354 00000744 T id3_tag_parse
00132a98 00000024 t tag_compare
00132abc 00000074 t query_tag
00132b30 00000084 t add_filetag
00132bb4 000001d0 t add_tag
00132d84 00000090 t finish_file
00132e14 000002a8 t new_file
001330bc 00000088 T id3_file_open
00133144 00000058 T id3_file_close
0013319c 00000034 T id3_file_tag
001331d0 000000d0 T id3_parse_uint
001332a0 000000ac T id3_parse_syncsafe
0013334c 00000130 T id3_parse_immediate
0013347c 0000009c T id3_parse_latin1
00133518 000000b8 T id3_parse_string
001335d0 0000004c T id3_parse_binary
0013361c 000000bc T id3_frametype_lookup
001336d8 00000140 t translate_TCON
00133818 000000d0 T id3_compat_lookup
001338e8 000002f0 T id3_compat_fixup
00133bd8 000001e4 T id3_crc_compute
00133dbc 00000134 T jpeg_CreateDecompress
00133ef0 00000004 T jpeg_destroy_decompress
00133ef4 00000330 T jpeg_read_header
00134224 000000f4 T jpeg_finish_decompress
00134318 000001c8 t output_pass_setup
001344e0 00000120 T jpeg_start_decompress
00134600 00000158 T jpeg_read_scanlines
00134758 00000004 t init_mem_source
0013475c 0000003c t fill_mem_input_buffer
00134798 0000005c t skip_input_data
001347f4 00000004 t term_source
001347f8 000000dc T jpeg_mem_src
001348d4 00000014 t finish_input_pass
001348e8 00000050 t reset_input_controller
00134938 000004b0 t start_input_pass
00134de8 00000394 t consume_markers
0013517c 00000064 T jinit_input_controller
001351e0 0000040c t get_sof
001355ec 000002bc t examine_app0
001358a8 000000f4 t skip_variable
0013599c 0000014c t next_marker
00135ae8 000000a8 t read_restart_marker
00135b90 00000028 t reset_marker_reader
00135bb8 000003b8 t get_dht
00135f70 000000d8 t examine_app14
00136048 00000170 t get_interesting_appn
001361b8 00000e28 t read_markers
00136fe0 00000160 T jpeg_resync_to_restart
00137140 000000dc T jinit_marker_reader
0013721c 000001dc t prepare_for_output_pass
001373f8 00000050 t finish_output_pass
00137448 000000e8 t use_merged_upsample.part.0
00137530 000005f8 T jpeg_calc_output_dimensions
00137b28 0000071c T jinit_master_decompress
00138244 00000018 t start_pass_merged_upsample
0013825c 00000044 t merged_1v_upsample
001382a0 000008f8 t h2v1_merged_upsample
00138b98 00000d58 t h2v2_merged_upsample
001398f0 000001ac t h2v1_merged_upsample_565
00139a9c 00000230 t h2v1_merged_upsample_565D
00139ccc 0000028c t h2v2_merged_upsample_565
00139f58 00000384 t h2v2_merged_upsample_565D
0013a2dc 000000e8 t merged_2v_upsample
0013a3c4 0000025c T jinit_merged_upsampler
0013a620 00000018 t start_pass_merged_upsample
0013a638 00000044 t merged_1v_upsample
0013a67c 00000a60 t h2v1_merged_upsample
0013b0dc 000010c4 t h2v2_merged_upsample
0013c1a0 000001f8 t h2v1_merged_upsample_565
0013c398 00000268 t h2v1_merged_upsample_565D
0013c600 00000320 t h2v2_merged_upsample_565
0013c920 000003e8 t h2v2_merged_upsample_565D
0013cd08 000000e8 t merged_2v_upsample
0013cdf0 00000234 T j12init_merged_upsampler
0013d024 000004fc t start_pass_phuff_decoder
0013d520 00000540 t decode_mcu_AC_refine
0013da60 00000178 t decode_mcu_DC_refine
0013dbd8 00000314 t decode_mcu_AC_first
0013deec 00000344 t decode_mcu_DC_first
0013e230 00000098 T jinit_phuff_decoder
0013e2c8 0000010c t start_pass_dpost
0013e3d4 00000090 t post_process_1pass
0013e464 000000f0 t post_process_prepass
0013e554 000000dc t post_process_2pass
0013e630 00000120 T jinit_d_post_controller
0013e750 0000010c t start_pass_dpost
0013e85c 00000090 t post_process_1pass
0013e8ec 000000f0 t post_process_prepass
0013e9dc 000000dc t post_process_2pass
0013eab8 00000120 T j12init_d_post_controller
0013ebd8 00000060 t start_pass_dpost
0013ec38 000000b0 T j16init_d_post_controller
0013ece8 00000018 t start_pass_upsample
0013ed00 00000114 t sep_upsample
0013ee14 00000008 t fullsize_upsample
0013ee1c 0000000c t noop_upsample
0013ee28 00000064 t h2v1_upsample
0013ee8c 000000e4 t h2v1_fancy_upsample
0013ef70 000000f0 t h1v2_fancy_upsample
0013f060 0000021c t h2v2_fancy_upsample
0013f27c 00000110 t int_upsample
0013f38c 0000008c t h2v2_upsample
0013f418 00000520 T jinit_upsampler
0013f938 00000018 t start_pass_upsample
0013f950 00000114 t sep_upsample
0013fa64 00000008 t fullsize_upsample
0013fa6c 0000000c t noop_upsample
0013fa78 00000064 t h2v1_upsample
0013fadc 000000d8 t h2v1_fancy_upsample
0013fbb4 000000e0 t h1v2_fancy_upsample
0013fc94 0000022c t h2v2_fancy_upsample
0013fec0 00000198 t int_upsample
00140058 00000088 t h2v2_upsample
001400e0 000004b8 T j12init_upsampler
00140598 00000018 t start_pass_upsample
001405b0 00000114 t sep_upsample
001406c4 00000008 t fullsize_upsample
001406cc 0000000c t noop_upsample
001406d8 0000005c t h2v1_upsample
00140734 000000dc t h2v1_fancy_upsample
00140810 000000d0 t h1v2_fancy_upsample
001408e0 0000022c t h2v2_fancy_upsample
00140b0c 0000018c t int_upsample
00140c98 00000084 t h2v2_upsample
00140d1c 000004b8 T j16init_upsampler
001411d4 00000070 t emit_message
00141244 00000014 t reset_error_mgr
00141258 00000104 t format_message
0014135c 00000038 t output_message
00141394 00000024 t error_exit
001413b8 0000006c T jpeg_std_error
00141424 000002f8 t do_sarray_io
0014171c 000001b4 t alloc_small
001418d0 00000084 t request_virt_barray
00141954 00000084 t request_virt_sarray
001419d8 00000180 t free_pool
00141b58 00000040 t self_destruct
00141b98 0000021c t access_virt_sarray
00141db4 00000160 t alloc_large
00141f14 000000cc t alloc_barray
00141fe0 00000248 t alloc_sarray
00142228 000002f4 t realize_virt_arrays
0014251c 00000394 t access_virt_barray
001428b0 000001cc T jinit_memory_mgr
00142a7c 00000008 T jpeg_get_small
00142a84 00000008 T jpeg_free_small
00142a8c 00000008 T jpeg_get_large
00142a94 00000008 T jpeg_free_large
00142a9c 00000030 T jpeg_mem_available
00142acc 00000014 T jpeg_open_backing_store
00142ae0 00000008 T jpeg_mem_init
00142ae8 00000004 T jpeg_mem_term
00142aec 00000190 t create_colorindex
00142c7c 000000dc t color_quantize
00142d58 00000080 t color_quantize3
00142dd8 00000158 t quantize3_ord_dither
00142f30 00000004 t finish_pass_1_quant
00142f34 00000014 t new_color_map_1_quant
00142f48 00000634 t start_pass_1_quant
0014357c 0000028c t quantize_fs_dither
00143808 0000016c t quantize_ord_dither
00143974 000006e4 T jinit_1pass_quantizer
00144058 000001e8 t create_colorindex
00144240 000000e4 t color_quantize
00144324 0000008c t color_quantize3
001443b0 00000158 t quantize3_ord_dither
00144508 00000004 t finish_pass_1_quant
0014450c 00000014 t new_color_map_1_quant
00144520 00000634 t start_pass_1_quant
00144b54 00000268 t quantize_fs_dither
00144dbc 00000188 t quantize_ord_dither
00144f44 000007c0 T j12init_1pass_quantizer
00145704 00000098 t prescan_quantize
0014579c 000009fc t fill_inverse_cmap
00146198 000000d8 t pass2_no_dither
00146270 00000350 t pass2_fs_dither
001465c0 00000198 t init_error_limit
00146758 00000004 t finish_pass2
0014675c 00000010 t new_color_map_2_quant
0014676c 00000194 t start_pass_2_quant
00146900 000004d0 t update_box.isra.0
00146dd0 00000478 t finish_pass1
00147248 000001dc T jinit_2pass_quantizer
00147424 00000090 t prescan_quantize
001474b4 00000a24 t fill_inverse_cmap
00147ed8 000000d8 t pass2_no_dither
00147fb0 00000374 t pass2_fs_dither
00148324 000000d4 t init_error_limit
001483f8 00000004 t finish_pass2
001483fc 00000010 t new_color_map_2_quant
0014840c 00000194 t start_pass_2_quant
001485a0 000004d0 t update_box.isra.0
00148a70 00000498 t finish_pass1
00148f08 000001dc T j12init_2pass_quantizer
001490e4 00000014 T jdiv_round_up
001490f8 0000001c T jround_up
00149114 00000038 T jcopy_sample_rows
0014914c 00000014 T jcopy_block_row
00149160 0000000c T jzero_far
0014916c 0000003c T j12copy_sample_rows
001491a8 0000003c T j16copy_sample_rows
001491e4 00000494 t start_pass
00149678 00000108 t process_restart
00149780 00000228 t arith_decode
001499a8 000003c8 t decode_mcu
00149d70 0000020c t decode_mcu_AC_refine
00149f7c 000000b0 t decode_mcu_DC_refine
0014a02c 0000022c t decode_mcu_AC_first
0014a258 00000234 t decode_mcu_DC_first
0014a48c 000000ac T jinit_arith_decoder
0014a538 00000194 T jsimd_can_ycc_rgb
0014a6cc 00000194 T jsimd_can_ycc_rgb565
0014a860 00000040 T jsimd_ycc_rgb_convert
0014a8a0 00000008 T jsimd_ycc_rgb565_convert
0014a8a8 00000194 T jsimd_can_h2v2_upsample
0014aa3c 00000194 T jsimd_can_h2v1_upsample
0014abd0 0000000c T jsimd_h2v2_upsample
0014abdc 0000000c T jsimd_h2v1_upsample
0014abe8 00000194 T jsimd_can_h2v2_fancy_upsample
0014ad7c 00000194 T jsimd_can_h2v1_fancy_upsample
0014af10 00000194 T jsimd_can_h1v2_fancy_upsample
0014b0a4 0000000c T jsimd_h2v2_fancy_upsample
0014b0b0 0000000c T jsimd_h2v1_fancy_upsample
0014b0bc 0000000c T jsimd_h1v2_fancy_upsample
0014b0c8 00000194 T jsimd_can_h2v2_merged_upsample
0014b25c 00000194 T jsimd_can_h2v1_merged_upsample
0014b3f0 00000038 T jsimd_h2v2_merged_upsample
0014b428 00000038 T jsimd_h2v1_merged_upsample
0014b460 00000194 T jsimd_can_idct_2x2
0014b5f4 00000194 T jsimd_can_idct_4x4
0014b788 00000018 T jsimd_idct_2x2
0014b7a0 00000018 T jsimd_idct_4x4
0014b7b8 00000194 T jsimd_can_idct_islow
0014b94c 00000194 T jsimd_can_idct_ifast
0014bae0 00000008 T jsimd_can_idct_float
0014bae8 00000018 T jsimd_idct_islow
0014bb00 00000018 T jsimd_idct_ifast
0014bb18 00000004 T jsimd_idct_float
0014bb1c 00000058 T jpeg_abort
0014bb74 00000048 T jpeg_destroy
0014bbbc 00000024 T jpeg_alloc_quant_table
0014bbe0 00000024 T jpeg_alloc_huff_table
0014bc04 00000044 t start_input_pass
0014bc48 00000008 t dummy_consume_data
0014bc50 00000304 t consume_data
0014bf54 00000204 t decompress_data
0014c158 0000031c t start_output_pass
0014c474 0000032c t decompress_onepass
0014c7a0 000019c8 t decompress_smooth_data
0014e168 000001d0 T jinit_d_coef_controller
0014e338 00000044 t start_input_pass
0014e37c 00000008 t dummy_consume_data
0014e384 00000304 t consume_data
0014e688 00000204 t decompress_data
0014e88c 0000031c t start_output_pass
0014eba8 0000032c t decompress_onepass
0014eed4 000019c8 t decompress_smooth_data
0015089c 000001d0 T j12init_d_coef_controller
00150a6c 0000010c t build_ycc_rgb_table
00150b78 00000664 t ycc_rgb_convert
001511dc 000000ac t rgb_gray_convert
00151288 000001b0 t null_convert
00151438 000002f4 t gray_rgb_convert
0015172c 000003dc t rgb_rgb_convert
00151b08 0000012c t ycck_cmyk_convert
00151c34 000002b0 t ycc_rgb565_convert
00151ee4 0000032c t ycc_rgb565D_convert
00152210 00000190 t rgb_rgb565_convert
001523a0 00000244 t rgb_rgb565D_convert
001525e4 00000100 t gray_rgb565_convert
001526e4 00000158 t gray_rgb565D_convert
0015283c 00000004 t start_pass_dcolor
00152840 00000038 t grayscale_convert
00152878 000005a4 T jinit_color_deconverter
00152e1c 0000010c t build_ycc_rgb_table
00152f28 000007b8 t ycc_rgb_convert
001536e0 000000bc t rgb_gray_convert
0015379c 000001f4 t null_convert
00153990 00000364 t gray_rgb_convert
00153cf4 00000460 t rgb_rgb_convert
00154154 00000190 t ycck_cmyk_convert
001542e4 000002f4 t ycc_rgb565_convert
001545d8 00000394 t ycc_rgb565D_convert
0015496c 00000178 t rgb_rgb565_convert
00154ae4 0000027c t rgb_rgb565D_convert
00154d60 00000100 t gray_rgb565_convert
00154e60 00000160 t gray_rgb565D_convert
00154fc0 00000004 t start_pass_dcolor
00154fc4 00000038 t grayscale_convert
00154ffc 00000544 T j12init_color_deconverter
00155540 00000014 t ycc_rgb_convert
00155554 00000014 t rgb_gray_convert
00155568 000001f4 t null_convert
0015575c 00000350 t gray_rgb_convert
00155aac 00000460 t rgb_rgb_convert
00155f0c 00000178 t rgb_rgb565_convert
00156084 0000027c t rgb_rgb565D_convert
00156300 00000100 t gray_rgb565_convert
00156400 00000160 t gray_rgb565D_convert
00156560 00000004 t start_pass_dcolor
00156564 00000038 t grayscale_convert
0015659c 00000014 t ycc_rgb565D_convert
001565b0 00000014 t ycck_cmyk_convert
001565c4 00000014 t ycc_rgb565_convert
001565d8 0000050c T j16init_color_deconverter
00156ae8 00000458 t start_pass
00156f40 000000bc T jinit_inverse_dct
00157000 000003a4 t start_pass
001573a4 000000bc T j12init_inverse_dct
00157460 000000c0 t start_input_pass
00157520 0000000c t start_output_pass
0015752c 000002e0 t decompress_data
0015780c 00000008 t dummy_consume_data
00157814 00000084 t consume_data
00157898 0000014c t output_data
001579e4 000001cc T jinit_d_diff_controller
00157bb0 000000c0 t start_input_pass
00157c70 0000000c t start_output_pass
00157c7c 000002e0 t decompress_data
00157f5c 00000008 t dummy_consume_data
00157f64 00000084 t consume_data
00157fe8 00000150 t output_data
00158138 000001d4 T j12init_d_diff_controller
0015830c 000000c0 t start_input_pass
001583cc 0000000c t start_output_pass
001583d8 000002e0 t decompress_data
001586b8 00000008 t dummy_consume_data
001586c0 00000084 t consume_data
00158744 00000150 t output_data
00158894 000001d4 T j16init_d_diff_controller
00158a68 00000138 t add_huff_table
00158ba0 00000688 T jpeg_make_d_derived_tbl
00159228 000004d0 t start_pass_huff_decoder
001596f8 00000148 T jpeg_fill_bit_buffer
00159840 00000104 T jpeg_huff_decode
00159944 0000128c t decode_mcu
0015abd0 000000e4 T jinit_huff_decoder
0015acb4 00000054 t process_restart
0015ad08 000003cc t decode_mcus
0015b0d4 000001d0 t start_pass_lhuff_decoder
0015b2a4 0000005c T jinit_lhuff_decoder
0015b300 00000048 t jpeg_undifference1
0015b348 00000054 t jpeg_undifference2
0015b39c 00000054 t jpeg_undifference3
0015b3f0 00000060 t jpeg_undifference4
0015b450 00000060 t jpeg_undifference5
0015b4b0 0000005c t jpeg_undifference6
0015b50c 00000058 t jpeg_undifference7
0015b564 00000114 t jpeg_undifference_first_row
0015b678 00000024 t simple_upscale
0015b69c 00000018 t noscale
0015b6b4 00000144 t start_pass_lossless
0015b7f8 00000064 T jinit_lossless_decompressor
0015b85c 00000048 t jpeg_undifference1
0015b8a4 00000054 t jpeg_undifference2
0015b8f8 00000054 t jpeg_undifference3
0015b94c 00000060 t jpeg_undifference4
0015b9ac 00000060 t jpeg_undifference5
0015ba0c 0000005c t jpeg_undifference6
0015ba68 00000058 t jpeg_undifference7
0015bac0 00000114 t jpeg_undifference_first_row
0015bbd4 0000001c t simple_upscale
0015bbf0 00000014 t noscale
0015bc04 00000144 t start_pass_lossless
0015bd48 00000064 T j12init_lossless_decompressor
0015bdac 00000048 t jpeg_undifference1
0015bdf4 00000054 t jpeg_undifference2
0015be48 00000054 t jpeg_undifference3
0015be9c 00000060 t jpeg_undifference4
0015befc 00000060 t jpeg_undifference5
0015bf5c 0000005c t jpeg_undifference6
0015bfb8 00000058 t jpeg_undifference7
0015c010 00000114 t jpeg_undifference_first_row
0015c124 0000001c t simple_upscale
0015c140 00000014 t noscale
0015c154 00000144 t start_pass_lossless
0015c298 00000064 T j16init_lossless_decompressor
0015c2fc 00000098 t process_data_simple_main
0015c394 000004ec t process_data_context_main
0015c880 00000030 t process_data_crank_post
0015c8b0 00000378 t start_pass_main
0015cc28 0000021c T jinit_d_main_controller
0015ce44 00000098 t process_data_simple_main
0015cedc 000004ec t process_data_context_main
0015d3c8 00000030 t process_data_crank_post
0015d3f8 00000378 t start_pass_main
0015d770 0000021c T j12init_d_main_controller
0015d98c 00000098 t process_data_simple_main
0015da24 000004ec t process_data_context_main
0015df10 00000030 t process_data_crank_post
0015df40 00000378 t start_pass_main
0015e2b8 0000021c T j16init_d_main_controller
0015e4d4 000003a0 T jpeg_idct_float
0015e874 000003c4 T jpeg12_idct_float
0015ec38 00000424 T jpeg_idct_ifast
0015f05c 000003e0 T jpeg12_idct_ifast
0015f43c 000004d0 T jpeg_idct_islow
0015f90c 00000390 T jpeg_idct_7x7
0015fc9c 00000230 T jpeg_idct_6x6
0015fecc 0000084c T jpeg_idct_5x5
00160718 00000284 T jpeg_idct_3x3
0016099c 00000404 T jpeg_idct_9x9
00160da0 00000470 T jpeg_idct_10x10
00161210 0000063c T jpeg_idct_11x11
0016184c 00000540 T jpeg_idct_12x12
00161d8c 00000740 T jpeg_idct_13x13
001624cc 00000668 T jpeg_idct_14x14
00162b34 000006f8 T jpeg_idct_15x15
0016322c 00000848 T jpeg_idct_16x16
00163a74 00000508 T jpeg12_idct_islow
00163f7c 000003b8 T jpeg12_idct_7x7
00164334 0000024c T jpeg12_idct_6x6
00164580 000008cc T jpeg12_idct_5x5
00164e4c 000002ac T jpeg12_idct_3x3
001650f8 00000438 T jpeg12_idct_9x9
00165530 00000494 T jpeg12_idct_10x10
001659c4 0000066c T jpeg12_idct_11x11
00166030 00000578 T jpeg12_idct_12x12
001665a8 00000794 T jpeg12_idct_13x13
00166d3c 000006b0 T jpeg12_idct_14x14
001673ec 0000073c T jpeg12_idct_15x15
00167b28 0000089c T jpeg12_idct_16x16
001683c4 0000032c T jpeg_idct_4x4
001686f0 0000024c T jpeg_idct_2x2
0016893c 00000038 T jpeg_idct_1x1
00168974 0000033c T jpeg12_idct_4x4
00168cb0 00000264 T jpeg12_idct_2x2
00168f14 00000050 T jpeg12_idct_1x1
00168f64 00000338 T jsimd_h2v1_merged_upsample_neon
0016929c 0000064c T jsimd_h2v2_merged_upsample_neon
001698e8 00000004 T jsimd_h2v1_extrgb_merged_upsample_neon
001698ec 00000004 T jsimd_h2v2_extrgb_merged_upsample_neon
001698f0 000003b8 T jsimd_h2v1_extrgbx_merged_upsample_neon
00169ca8 000006d4 T jsimd_h2v2_extrgbx_merged_upsample_neon
0016a37c 00000338 T jsimd_h2v1_extbgr_merged_upsample_neon
0016a6b4 00000678 T jsimd_h2v2_extbgr_merged_upsample_neon
0016ad2c 000003b8 T jsimd_h2v1_extbgrx_merged_upsample_neon
0016b0e4 000006d0 T jsimd_h2v2_extbgrx_merged_upsample_neon
0016b7b4 000003b8 T jsimd_h2v1_extxbgr_merged_upsample_neon
0016bb6c 000006f0 T jsimd_h2v2_extxbgr_merged_upsample_neon
0016c25c 000003b8 T jsimd_h2v1_extxrgb_merged_upsample_neon
0016c614 000006d8 T jsimd_h2v2_extxrgb_merged_upsample_neon
0016ccec 00000164 T jsimd_h2v1_fancy_upsample_neon
0016ce50 00000338 T jsimd_h2v2_fancy_upsample_neon
0016d188 000000cc T jsimd_h1v2_fancy_upsample_neon
0016d254 00000060 T jsimd_h2v1_upsample_neon
0016d2b4 0000007c T jsimd_h2v2_upsample_neon
0016d330 00000128 T jsimd_idct_2x2_neon
0016d458 000003f4 T jsimd_idct_4x4_neon
0016d84c 000009a0 T jsimd_idct_islow_neon
0016e1ec 000005b0 T jsimd_idct_ifast_neon
0016e79c 00000348 T jsimd_ycc_rgb_convert_neon
0016eae4 00000004 T jsimd_ycc_extrgb_convert_neon
0016eae8 00000370 T jsimd_ycc_extrgbx_convert_neon
0016ee58 00000350 T jsimd_ycc_extbgr_convert_neon
0016f1a8 0000036c T jsimd_ycc_extbgrx_convert_neon
0016f514 0000036c T jsimd_ycc_extxbgr_convert_neon
0016f880 00000370 T jsimd_ycc_extxrgb_convert_neon
0016fbf0 000002d8 T jsimd_ycc_rgb565_convert_neon
0016fec8 00000040 t png_fp_sub
0016ff08 00000074 T png_zalloc
0016ff7c 00000004 T png_zfree
0016ff80 000001b4 t png_build_16bit_table
00170134 000004d0 t png_free_data.part.0
00170608 000000b0 t png_muldiv.part.0
001706b8 00000070 t png_gamma_8bit_correct.part.0
00170728 0000008c t png_build_8bit_table
001707b8 00000068 t png_gamma_16bit_correct.part.0
00170820 000001a4 t png_icc_profile_error.isra.0
001709c4 0000004c T png_sig_cmp
00170a10 00000020 T png_reset_crc
00170a30 00000060 T png_calculate_crc
00170a90 00000104 T png_user_version_check
00170b98 00000120 T png_create_png_struct
00170cb8 00000048 T png_create_info_struct
00170d00 00000060 T png_destroy_info_struct
00170d60 00000010 T png_free_data
00170d70 000000b0 T png_handle_as_unknown
00170e20 00000028 T png_chunk_unknown_handling
00170e48 000000cc T png_zstream_error
00170f14 00000048 T png_icc_check_length
00170f5c 00000360 T png_icc_check_header
001712bc 000000b8 T png_icc_check_tag_table
00171374 00000390 T png_check_IHDR
00171704 0000015c T png_check_fp_number
00171860 0000005c T png_check_fp_string
001718c0 000000c0 T png_muldiv
00171980 00000078 T png_reciprocal
001719f8 000004b0 T png_XYZ_from_xy
00171ea8 00000250 T png_set_rgb_coefficients
001720f8 00000020 T png_gamma_significant
00172118 000000a0 T png_reciprocal2
001721b8 00000018 T png_gamma_8bit_correct
001721d0 00000020 T png_gamma_16bit_correct
001721f0 0000005c T png_gamma_correct
0017224c 00000134 T png_destroy_gamma_table
00172380 00000458 T png_build_gamma_table
001727d8 000000bc T png_image_free
00172894 00000038 T png_image_error
001728cc 000000e4 t png_format_buffer.isra.0
001729b0 00000074 T png_safecat
00172a24 00000380 T png_format_number
00172da4 0000005c T png_warning
00172e00 0000006c T png_chunk_warning
00172e6c 00000094 T png_free_jmpbuf
00172f00 0000002c T png_longjmp
00172f2c 00000050 t png_default_error
00172f7c 0000002c T png_error
00172fa8 00000018 T png_app_warning
00172fc0 00000018 T png_app_error
00172fd8 0000002c T png_chunk_error
00173004 0000003c T png_chunk_benign_error
00173040 00000078 T png_chunk_report
001730b8 00000010 T png_set_error_fn
001730c8 00000084 T png_safe_error
0017314c 00000070 T png_safe_warning
001731bc 000000a4 T png_safe_execute
00173260 00000064 T png_destroy_png_struct
001732c4 0000007c T png_calloc
00173340 00000024 T png_malloc_base
00173364 00000064 T png_malloc_array
001733c8 0000011c T png_realloc_array
001734e4 00000054 T png_malloc
00173538 0000006c T png_malloc_warn
001735a4 00000024 T png_free
001735c8 00000014 T png_set_mem_fn
001735dc 000000ac t chromaticities_match_sRGB
00173688 00000098 t png_image_memory_read
00173720 0000015c t png_read_info.part.0
0017387c 0000002c t png_image_format.isra.0
001738a8 000000b0 t set_file_encoding
00173958 000000b4 t decode_gamma
00173a0c 00000098 t png_colormap_compose
00173aa4 0000051c t png_create_colormap_entry
00173fc0 000000e0 t make_ga_colormap
001740a0 000000a0 t make_rgb_colormap
00174140 000000f8 t png_image_read_header
00174238 000011e8 t png_image_read_colormap
00175420 00000440 T png_read_row
00175860 00000738 t png_image_read_direct
00175f98 00000090 t png_image_read_direct_scaled
00176028 000006c8 t png_image_read_background
001766f0 000003c8 t png_image_read_composite
00176ab8 00000254 t png_image_read_colormapped
00176d0c 000006c8 t png_image_read_and_map
001773d4 0000016c T png_destroy_read_struct
00177540 0000012c t png_image_read_init.part.0
0017766c 000000d0 T png_image_begin_read_from_memory
0017773c 0000025c T png_image_finish_read
00177998 0000003c T png_default_read_data
001779d4 00000020 T png_read_data
001779f4 0000006c T png_set_read_fn
00177a60 0000020c t png_do_gray_to_rgb
00177c6c 000005ec t png_do_expand
00178258 000000b0 T png_set_background_fixed
00178308 00000038 T png_set_scale_16
00178340 00000038 T png_set_strip_alpha
00178378 000001c0 T png_set_alpha_mode_fixed
00178538 0000003c T png_set_expand
00178574 0000003c T png_set_tRNS_to_alpha
001785b0 0000003c T png_set_expand_16
001785ec 00000038 T png_set_gray_to_rgb
00178624 00000118 T png_set_rgb_to_gray_fixed
0017873c 00000040 T png_resolve_file_gamma
0017877c 00000f88 T png_init_read_transformations
00179704 000002c8 T png_read_transform_info
001799cc 00002e28 T png_do_read_transformations
0017c7f4 0000003c t png_read_filter_row_sub
0017c830 00000030 t png_read_filter_row_up
0017c860 00000084 t png_read_filter_row_avg
0017c8e4 00000088 t png_read_filter_row_paeth_1byte_pixel
0017c96c 000000d0 t png_read_filter_row_paeth_multibyte_pixel
0017ca3c 000000ac t png_read_buffer
0017cae8 000000fc t png_inflate_claim
0017cbe4 00000190 t png_inflate.constprop.0
0017cd74 00000200 t png_decompress_chunk.constprop.0
0017cf74 000001c8 t png_crc_finish_critical
0017d13c 00000054 t png_handle_IEND
0017d190 0000028c t png_handle_PLTE
0017d41c 000000d8 t png_handle_hIST
0017d4f4 00000164 t png_inflate_read.constprop.0.isra.0
0017d658 00000090 t png_handle_tIME
0017d6e8 00000078 t png_handle_cICP
0017d760 000000b0 t png_handle_sRGB
0017d810 000000a0 t png_handle_gAMA
0017d8b0 00000070 t png_handle_cLLI
0017d920 00000078 t png_handle_pHYs
0017d998 0000013c t png_handle_IHDR
0017dad4 000000d8 t png_handle_eXIf
0017dbac 000000a4 t png_handle_oFFs
0017dc50 00000164 t png_handle_tEXt
0017ddb4 00000144 t png_handle_sBIT
0017def8 0000013c t png_handle_mDCV
0017e034 00000204 t png_handle_zTXt
0017e238 000001c0 t png_handle_sCAL
0017e3f8 0000016c t png_handle_cHRM
0017e564 00000300 t png_handle_iTXt
0017e864 000002f4 t png_handle_sPLT
0017eb58 000002ac t png_handle_pCAL
0017ee04 0000021c t png_handle_bKGD
0017f020 000000fc t png_cache_unknown_chunk
0017f11c 0000044c t png_handle_iCCP
0017f568 000001fc t png_handle_tRNS
0017f764 000000c4 T png_read_sig
0017f828 000000fc T png_read_chunk_header
0017f924 00000208 T png_handle_unknown
0017fb2c 000005a4 T png_handle_chunk
001800d0 000004e0 T png_combine_row
001805b0 000004e0 T png_do_read_interlace
00180a90 0000008c T png_read_filter_row
00180b1c 000002c0 T png_read_IDAT_data
00180ddc 000000a0 T png_read_finish_IDAT
00180e7c 0000012c T png_read_finish_row
00180fa8 0000048c T png_read_start_row
00181434 00000074 t check_location
001814a8 00000048 T png_set_bKGD
001814f0 00000054 T png_set_cHRM_fixed
00181544 00000050 T png_set_cICP
00181594 0000003c T png_set_cLLI_fixed
001815d0 00000160 T png_set_mDCV_fixed
00181730 0000009c T png_set_eXIf_1
001817cc 0000001c T png_set_gAMA_fixed
001817e8 000000ac T png_set_hIST
00181894 000000e8 T png_set_IHDR
0018197c 0000002c T png_set_oFFs
001819a8 00000288 T png_set_pCAL
00181c30 00000174 T png_set_sCAL_s
00181da4 0000002c T png_set_pHYs
00181dd0 0000013c T png_set_PLTE
00181f0c 00000040 T png_set_sBIT
00181f4c 0000001c T png_set_sRGB
00181f68 00000350 T png_set_text_2
001822b8 000000a4 T png_set_tIME
0018235c 000001d4 T png_set_tRNS
00182530 00000180 T png_set_sPLT
001826b0 00000138 T png_set_unknown_chunks
001827e8 00000374 T png_set_keep_unknown_chunks
00182b5c 00000018 T png_set_benign_errors
00182b74 00000014 T png_set_bgr
00182b88 00000020 T png_set_swap
00182ba8 00000028 T png_set_packing
00182bd0 00000030 T png_set_interlace_handling
00182c00 000000d0 T png_set_add_alpha
00182cd0 00000014 T png_set_swap_alpha
00182ce4 00000140 T png_do_invert
00182e24 0000004c T png_do_swap
00182e70 0000006c T png_do_packswap
00182edc 00000250 T png_do_strip_channel
0018312c 00000110 T png_do_bgr
0018323c 00000180 T png_do_check_palette_indexes
001833bc 000000cc T png_destroy_write_struct
00183488 00000038 T png_free_buffer_list
001834c0 00000018 T png_get_rowbytes
001834d8 00000018 T png_get_channels
001834f0 0000038c T crc32_z
0018387c 00000004 T crc32
00183880 000000ac t deflateStateCheck
0018392c 000000bc T deflateEnd
001839e8 00000130 t updatewindow
00183b18 0000005c t inflateStateCheck
00183b74 0000009c T inflateResetKeep
00183c10 00000068 T inflateReset
00183c78 000000d0 T inflateReset2
00183d48 000000fc T inflateInit2_
00183e44 00000010 T inflateInit_
00183e54 000018cc T inflate
00185720 00000060 T inflateEnd
00185780 000004f0 T inflate_table
00185c70 00000008 T zcalloc
00185c78 00000008 T zcfree
00185c80 0000016c T uncompress2
00185dec 0000001c T uncompress
00185e08 00000360 T adler32_z
00186168 00000004 T adler32
0018616c 000005b0 T inflate_fast
0018671c 00000024 t addrMapNodeComparator(rbtree_node const*, rbtree_node const*)
00186740 00000004 t addrMapNodeDestructor(rbtree_node*)
00186744 0000012c T linearMemAlign
00186870 00000008 T linearAlloc
00186878 0000005c T linearFree
001868d4 00000088 T MemPool::CoalesceRight(MemBlock*)
0018695c 00000178 T MemPool::Allocate(MemChunk&, unsigned long, int)
00186ad4 00000118 T MemPool::Deallocate(MemChunk const&)
00186bec 00000030 T MemPool::GetFreeSpace()
00186c1c 00000024 t addrMapNodeComparator(rbtree_node const*, rbtree_node const*)
00186c40 00000004 t addrMapNodeDestructor(rbtree_node*)
00186c44 00000248 T vramMemAlignAt
00186e8c 0000000c T vramAlloc
00186e98 0000000c T vramAllocAt
00186ea4 00000094 T vramFree
00186f38 0000009c T fontEnsureMapped
00186fd4 00000100 T fontGlyphIndexFromCodePoint
001870d4 00000214 T fontCalcGlyphPos
001872e8 000000cc t gfxPresentFramebuffer
001873b4 0000001c T gfxIsWide
001873d0 000000f8 T gfxSetScreenFormat
001874c8 000000d8 T gfxInit
001875a0 00000010 T gfxInitDefault
001875b0 000000b8 T gfxExit
00187668 000000a0 T gfxGetFramebuffer
00187708 00000028 T gfxScreenSwapBuffers
00187730 00000074 T osConvertVirtToPhys
001877a4 00000054 T osGetTimeRef
001877f8 000000ec T osGetTime
001878e4 00000034 T __ctru_speedup_config
00187918 0000013c T GPUCMD_Add
00187a54 000000b0 T GPUCMD_Split
00187b04 00000034 T f32tof16
00187b38 00000034 T f32tof24
00187b6c 00000038 T f32tof31
00187ba4 00000010 T GX_BindQueue
00187bb4 0000007c T GX_ProcessCommandList
00187c30 00000074 T GX_MemoryFill
00187ca4 00000074 T GX_DisplayTransfer
00187d18 00000064 t gxCmdQueueDoCommands.part.0
00187d7c 000000e4 T gxCmdQueueInterrupt
00187e60 00000068 T gxCmdQueueClear
00187ec8 00000108 T gxCmdQueueAdd
00187fd0 00000080 T gxCmdQueueRun
00188050 00000064 T gxCmdQueueStop
001880b4 000000ac T gxCmdQueueWait
00188160 000001e0 T shaderInstanceInit
00188340 00000018 T shaderInstanceGetUniformLocation
00188358 0000001c T shaderProgramInit
00188374 00000074 T shaderProgramFree
001883e8 00000094 T shaderProgramSetVsh
0018847c 000008d0 T shaderProgramConfigure
00188d4c 000001dc t DVLE_GenerateOutmap.part.0
00188f28 000001ac T DVLB_ParseFile
001890d4 00000050 T DVLB_Free
00189124 00000074 T DVLE_GetUniformRegister
00189198 00000158 t ndspUpdateMaster
001892f0 00000108 t ndspFinalize
001893f8 0000025c t ndspInitialize.part.0
00189654 00000108 t ndspHookCallback
00189760 00000318 t ndspThreadMain
00189a78 000003f0 T ndspInit
00189e68 000000d8 T ndspExit
00189f40 00000034 T ndspSetOutputMode
00189f74 000000e0 T ndspChnReset
0018a054 00000018 T ndspChnSetFormat
0018a06c 00000050 T ndspChnSetPaused
0018a0bc 00000050 T ndspChnSetInterp
0018a10c 00000060 T ndspChnSetRate
0018a16c 000000c8 T ndspChnWaveBufAdd
0018a234 00000040 T ndspiInitChn
0018a274 0000002c T ndspiDirtyChn
0018a2a0 0000043c T ndspiUpdateChn
0018a6dc 00000180 T ndspiReadChnState
0018a85c 00000180 t aptConvertScreenForCapture
0018a9dc 00000138 T aptSendCommand
0018ab18 00000044 t aptExitProcess
0018ab5c 00000394 T aptExit
0018aef0 000000d8 T aptHandleSleep
0018afc8 00000034 T aptHook
0018affc 00000030 T aptUnhook
0018b02c 00000084 T APT_SleepIfShellClosed
0018b0b0 00000078 T aptSetSleepAllowed
0018b128 00000084 T APT_UnlockTransition
0018b1b0 00000470 t aptEventHandler
0018b620 000000bc T APT_ReceiveParameter
0018b6dc 000000b0 t aptReceiveParameter.constprop.0
0018b790 00000294 t aptScreenTransfer
0018ba24 000002d0 t aptWaitForWakeUp.isra.0
0018bcf4 000000f4 T aptJumpToHomeMenu
0018bde8 00000058 T aptMainLoop
0018be40 00000240 T aptInit
0018c080 00000090 T APT_CheckNew3DS
0018c110 00000048 T APT_GetSharedFont
0018c158 000000a8 T cfguInit
0018c200 0000003c T cfguExit
0018c23c 0000004c T CFGU_GetConfigInfoBlk2
0018c288 000000a4 t DSP_LoadComponent.part.0
0018c32c 000000fc T dspInit
0018c428 0000008c T dspExit
0018c4b4 00000024 T dspHook
0018c4d8 00000030 T dspUnhook
0018c508 000000b4 T aptDspSleep
0018c5bc 000000b4 T aptDspWakeup
0018c670 00000044 T aptDspCancel
0018c6b4 00000050 T DSP_FlushDataCache
0018c704 00000034 T DSP_SetSemaphore
0018c738 00000034 T DSP_SetSemaphoreMask
0018c76c 00000038 T DSP_GetSemaphoreHandle
0018c7a4 0000003c T DSP_LoadComponent
0018c7e0 00000044 T DSP_RegisterInterruptEvents
0018c824 00000078 T DSP_ReadPipeIfPossible
0018c89c 0000004c T DSP_WriteProcessPipe
0018c8e8 00000044 T DSP_ConvertProcessAddressFromDspDram
0018c92c 00000044 T DSP_RecvData
0018c970 00000050 T DSP_RecvDataIsReady
0018c9c0 00000104 T fsInit
0018cac4 0000003c T fsExit
0018cb00 00000068 T fsExemptFromSession
0018cb68 00000050 T fsUnexemptFromSession
0018cbb8 000000cc T FSUSER_OpenFile
0018cc84 000000cc T FSUSER_OpenFileDirectly
0018cd50 000000b8 T FSUSER_DeleteFile
0018ce08 000000f4 T FSUSER_RenameFile
0018cefc 000000b8 T FSUSER_DeleteDirectory
0018cfb4 000000d0 T FSUSER_CreateFile
0018d084 000000c0 T FSUSER_CreateDirectory
0018d144 000000f4 T FSUSER_RenameDirectory
0018d238 000000b4 T FSUSER_OpenDirectory
0018d2ec 00000090 T FSUSER_OpenArchive
0018d37c 0000008c T FSUSER_CloseArchive
0018d408 00000074 T FSUSER_GetSdmcArchiveResource
0018d47c 00000064 T FSUSER_IsSdmcWritable
0018d4e0 00000064 T FSFILE_Read
0018d544 0000006c T FSFILE_Write
0018d5b0 00000044 T FSFILE_GetSize
0018d5f4 00000028 T FSFILE_SetSize
0018d61c 0000003c T FSFILE_Close
0018d658 00000024 T FSFILE_Flush
0018d67c 00000060 T FSDIR_Read
0018d6dc 0000003c T FSDIR_Close
0018d718 00000c70 t gspHardwareInit
0018e388 00000288 T gspInit
0018e610 00000104 T gspExit
0018e714 00000010 T gspHasGpuRight
0018e724 000000a4 T gspPresentBuffer
0018e7c8 00000030 T gspSetEventCallback
0018e7f8 00000050 T gspWaitForEvent
0018e848 0000004c T gspWaitForAnyEvent
0018e894 00000154 t gspEventThreadMain
0018e9e8 0000012c T gspSubmitGxCommand
0018eb14 00000050 T GSPGPU_FlushDataCache
0018eb64 00000034 T GSPGPU_SetLcdForceBlack
0018eb98 00000084 T GSPGPU_AcquireRight
0018ec1c 00000064 T GSPGPU_ReleaseRight
0018ec80 0000007c T GSPGPU_ImportDisplayCaptureInfo
0018ecfc 0000002c T GSPGPU_SaveVramSysArea
0018ed28 0000002c T GSPGPU_RestoreVramSysArea
0018ed54 00000024 W hidShouldUseIrrst
0018ed78 000001cc T hidInit
0018ef44 000000e8 T hidExit
0018f02c 000002a0 T hidScanInput
0018f2cc 00000010 T hidKeysHeld
0018f2dc 00000010 T hidKeysDown
0018f2ec 00000018 T hidTouchRead
0018f304 00000200 T httpcInit
0018f504 000000bc T httpcExit
0018f5c0 00000170 T httpcOpenContext
0018f730 00000040 T httpcCloseContext
0018f770 00000134 T httpcDownloadData
0018f8a4 0000008c T httpcAddRequestHeaderField
0018f930 00000030 T httpcBeginRequest
0018f960 00000064 T httpcGetDownloadSizeState
0018f9c4 0000003c T httpcGetResponseStatusCode
0018fa00 000001a4 T irrstInit
0018fba4 000000dc T irrstExit
0018fc80 000000b4 T irrstScanInput
0018fd34 00000024 T irrstKeysHeld
0018fd58 00000078 T ptmSysmInit
0018fdd0 0000003c T ptmSysmExit
0018fe0c 00000034 T PTMSYSM_ConfigureNew3DSCPU
0018fe40 00000078 T ptmuInit
0018feb8 0000003c T ptmuExit
0018fef4 00000038 T PTMU_GetShellState
0018ff2c 00000074 T rbtree_find
0018ffa0 00000010 T rbtree_init
0018ffb0 00000198 t do_insert
00190148 00000008 T rbtree_insert
00190150 00000310 T rbtree_remove
00190460 00000090 T rbtree_rotate
001904f0 00000140 T decode_utf8
00190630 000000e8 T utf16_to_utf8
00190718 000000c0 T utf8_to_utf16
001907d8 000001e8 W __system_allocateHeaps
001909c0 00000038 W __libctru_init
001909f8 0000016c W __system_initArgv
00190b64 00000030 T __syscall_getreent
00190b94 00000004 T __syscall_lock_acquire
00190b98 00000004 T __syscall_lock_release
00190b9c 00000004 T __syscall_lock_acquire_recursive
00190ba0 00000004 T __syscall_lock_release_recursive
00190ba4 00000004 T __syscall_exit
00190ba8 00000054 T initThreadVars
00190bfc 00000080 T __system_initSyscalls
00190c7c T svcControlMemory
00190c9c T svcQueryMemory
00190ccc T svcExitProcess
00190cd4 T svcCreateThread
00190cf4 T svcExitThread
00190cfc T svcSleepThread
00190d04 T svcReleaseMutex
00190d0c T svcCreateEvent
00190d20 T svcSignalEvent
00190d28 T svcClearEvent
00190d30 T svcCreateMemoryBlock
00190d48 T svcMapMemoryBlock
00190d50 T svcUnmapMemoryBlock
00190d58 T svcCreateAddressArbiter
00190d6c T svcArbitrateAddressNoTimeout
00190d74 T svcCloseHandle
00190d7c T svcWaitSynchronization
00190d84 T svcWaitSynchronizationN
00190dac T svcDuplicateHandle
00190dc0 T svcGetSystemTick
00190dc8 T svcConnectToPort
00190ddc T svcSendSyncRequest
00190de4 T svcGetResourceLimit
00190df8 T svcGetResourceLimitLimitValues
00190e00 T svcGetResourceLimitCurrentValues
00190e08 T svcBreak
00190e10 T __aeabi_read_tp
00190e1c W initSystem
00190e6c W __ctru_exit
00190e80 0000008c W envGetHandle
00190f0c 00000050 W envDestroyHandles
00190f5c 00000164 T srvInit
001910c0 00000064 T srvExit
00191124 00000060 T srvEnableNotification
00191184 000000a0 T srvGetServiceHandleDirect
00191224 00000048 T srvGetServiceHandle
0019126c 00000034 T srvSubscribe
001912a0 00000060 T srvReceiveNotification
00191300 00000038 T srvPublishToSubscriber
00191338 0000000c T __sync_init
00191344 00000018 T __sync_fini
0019135c 00000028 T syncArbitrateAddress
00191384 0000001c T LightLock_Init
001913a0 000000ac T LightLock_Lock
0019144c 00000040 T LightLock_Unlock
0019148c 00000054 T RecursiveLock_Lock
001914e0 00000054 T RecursiveLock_Unlock
00191534 00000044 T LightEvent_Init
00191578 000000b8 T LightEvent_Clear
00191630 000000dc T LightEvent_Signal
0019170c 00000050 T LightEvent_TryWait
0019175c 000000ac T LightEvent_Wait
00191808 000001fc T threadCreate
00191a04 00000038 T threadFree
00191a3c 00000024 T threadJoin
00191a60 00000030 T threadGetCurrent
00191a90 00000040 T threadExit
00191ad0 00000020 t _thread_begin
00191af0 00000090 t mappableFindAddressWithin
00191b80 00000028 T mappableInit
00191ba8 0000007c T mappableAlloc
00191c24 00000004 T mappableFree
00191c28 0000000c T srvPmGetSessionHandle
00191c34 00000060 T rbtree_node_next
00191c94 00000054 T decode_utf16
00191ce8 00000054 T encode_utf16
00191d3c 000000e0 T encode_utf8
00191e1c 00000030 W __appExit
00191e4c 00000030 W __appInit
00191e7c 00000090 W __libctru_exit
00191f0c 00000024 t error_cmp
00191f30 00000050 t archive_translate_error
00191f80 000000c0 t archive_seek
00192040 00000078 t _archiveInit.part.0
001920b8 00000110 t archiveFindDevice.part.0
001921c8 00000298 t archive_utf16path
00192460 00000098 t _archiveUnmountDeviceStruct.part.0
001924f8 00000178 t _archiveMountDevice
00192670 000000f8 t archive_diropen
00192768 000000ac t archive_fstat
00192814 00000074 t archive_fsync
00192888 00000074 t archive_close
001928fc 00000078 t archive_dirclose
00192974 000000ec t sdmc_statvfs
00192a60 000000f8 t archive_chdir
00192b58 0000008c t archive_ftruncate
00192be4 000000bc t archive_read
00192ca0 000000a8 t archive_unlink
00192d48 000000c0 t archive_rmdir
00192e08 000000d8 t archive_mkdir
00192ee0 000001a0 t archive_stat
00193080 00000164 t archive_dirnext
001931e4 0000013c t archive_write
00193320 00000254 t archive_open
00193574 00000270 t archive_rename
001937e4 000001c8 T archiveMountSdmc
001939ac 00000054 T archiveUnmountAll
00193a00 00000264 T sinf
00193c68 00000258 T log
00193ec0 00000024 t with_errno
00193ee4 00000028 t xflow
00193f10 00000010 T __math_uflow
00193f20 00000010 T __math_oflow
00193f30 00000048 T __math_divzero
00193f78 0000001c T __math_invalid
00193f94 00000014 T __math_check_uflow
00193fa8 00000028 T __math_check_oflow
00193fd0 00000740 T pow
00194710 00000024 t with_errnof
00194734 0000001c T __math_invalidf
00194750 00000088 T frexp
001947d8 000000c0 T ceilf
00194898 00000144 T floor
001949e0 0000025c T cosf
00194c40 00000214 T exp
00194e54 0000002c T __aeabi_d2lz
00194e54 0000002c T __fixdfdi
00194e80 00000040 T __aeabi_d2ulz
00194e80 00000040 T __fixunsdfdi
00194ec0 00000130 T __udivmoddi4
00194ff0 000000e4 T strncat
001950d4 00000020 T _ftell_r
001950f4 00000034 T ftell
00195128 0000001c T srand
00195144 00000044 T rand
00195188 00000024 T getenv
001951ac 00000078 T sscanf
00195224 00000128 T memcpy
0019534c 00000034 T fgetpos
00195380 0000005c T __assert_func
001953dc 0000008c T strlen
00195468 00000334 T _fread_r
0019579c 00000038 T fread
001957d4 00000078 T bsearch
0019584c 000000b8 T fputc
00195904 00000040 T open
00195944 00000050 t get_arg
00195994 00002b88 T __ssvfscanf_r
0019851c 00000134 T _fopen_r
00198650 00000028 T fopen
00198678 00000008 T atof
00198680 00000060 t sulp
001986e0 00001428 T _strtod_l
00199b08 00000044 T _strtod_r
00199b4c 00000048 T strtod
00199b94 00000020 T close
00199bb4 00000028 T memalign
00199bdc 00000264 t _strtoull_l.isra.0
00199e40 00000038 T _strtoull_r
00199e78 00000068 T strcasecmp
00199ee0 000000f4 t rshift
00199fd4 000008b4 T __gethex
0019a888 000000a0 T snprintf
0019a928 000001ec t _strtoul_l.isra.0
0019ab14 00000038 T _strtoul_r
0019ab4c 0000003c T strtoul
0019ab88 0000003c T fiprintf
0019abc4 000000c4 T _mbrtowc_r
0019ac88 00000094 T strncasecmp
0019ad1c 00000140 T strchr
0019ae5c 000000d8 T memcmp
0019af34 00000028 T calloc
0019af5c 000000f8 T __sccl
0019b054 00000410 T _strerror_r
0019b464 00000028 T strerror
0019b48c 0000016c T _memalign_r
0019b5f8 0000000c T __errno
0019b604 00000014 T abort
0019b618 00000164 T __smakebuf_r
0019b77c 00000030 T lseek
0019b7ac 0000047c t _strtoll_l.isra.0
0019bc28 00000038 T _strtoll_r
0019bc60 00000024 T __locale_mb_cur_max
0019bc84 000000e4 T memset
0019bd68 000000d8 T _calloc_r
0019be40 0000022c T __sflush_r
0019c06c 000000c4 T _fflush_r
0019c130 00000104 T _fwrite_r
0019c234 00000038 T fwrite
0019c26c 00000028 T realloc
0019c294 000008e8 T qsort
0019cb7c 000001c4 T _ftello_r
0019cd40 000000fc T _putc_r
0019ce3c 0000082c T _malloc_r
0019d668 00000124 T __swbuf_r
0019d78c 00000114 T _malloc_trim_r
0019d8a0 00000314 T _free_r
0019dbb4 000000e4 T _sungetc_r
0019dc98 0000006c T __ssrefill_r
0019dd04 000000b4 T _sfread_r
0019ddb8 0000001c t stdio_exit_handler
0019ddd4 0000005c t cleanup_stdio
0019de30 00000154 t global_stdio_init.part.0
0019df84 00000138 T __sfp
0019e0bc 0000005c T __sinit
0019e118 0000000c T __sfp_lock_acquire
0019e124 0000000c T __sfp_lock_release
0019e130 00000384 t _strtol_l.part.0
0019e4b4 0000006c T _strtol_r
0019e520 00000084 T __libc_init_array
0019e5a4 000000d4 T strncpy
0019e678 0000001c T _fseek_r
0019e694 00000034 T fseek
0019e6c8 00000040 T malloc
0019e708 00000020 T free
0019e728 000000e8 T memchr
0019e810 00000048 T strrchr
0019e858 00000140 T __swsetup_r
0019e998 000000dc T _findenv_r
0019ea74 00000024 T _localeconv_r
0019ea98 00000044 T __sread
0019eadc 00000008 T __seofread
0019eae4 00000068 T __swrite
0019eb4c 00000040 T __sseek
0019eb8c 00000008 T __sclose
0019eb94 000001a8 T memmove
0019ed3c 000004f0 T _realloc_r
0019f22c 00000020 T strdup
0019f24c 0000000c T __malloc_lock
0019f258 0000000c T __malloc_unlock
0019f264 00000588 T _fseeko_r
0019f7ec 00000148 T _fclose_r
0019f934 00000020 T fclose
0019f954 0000003c T fprintf
0019f990 00000030 T read
0019f9c0 00000008 T _user_strerror
0019f9c8 00000004 W __call_exitprocs
0019f9cc 00000030 T exit
0019f9fc 000005e0 t get_arg
0019ffe0 0000345c T _svfprintf_r
001a343c 000000b8 T __sflags
001a34f4 000000f8 T __utf8_wctomb
001a35ec 0000003c T __libc_fini_array
001a3628 0000003c T strnlen
001a3664 0000002c T rewind
001a3690 000005e0 t get_arg
001a3c70 000022f8 T _vfiprintf_r
001a5f68 000000b4 t __sbprintf
001a601c 000000d8 T strncmp
001a60f4 0000002c T fsetpos
001a6120 00000070 T __match
001a6190 000002a8 T __hexnan
001a6438 00000068 T sprintf
001a64a0 00000038 t lflush
001a64d8 000001a8 T __srefill_r
001a6680 00000010 T nan
001a6690 0000000c T nanf
001a669c 000000dc T stpncpy
001a6778 0000000c T __env_lock
001a6784 0000000c T __env_unlock
001a6790 00000054 T _strdup_r
001a67e4 00000008 T iswspace
001a67ec 00000088 T _Balloc
001a6874 0000001c T _Bfree
001a6890 000000f4 T __multadd
001a6984 0000010c T __s2b
001a6a90 00000080 T __hi0bits
001a6b10 000000f0 T __lo0bits
001a6c00 000000a4 T __i2b
001a6ca4 00000230 T __multiply
001a6ed4 00000130 T __pow5mult
001a7004 00000138 T __lshift
001a713c 00000058 T __mcmp
001a7194 00000218 T __mdiff
001a73ac 00000068 T __ulp
001a7414 000000d4 T __b2d
001a74e8 00000120 T __d2b
001a7608 00000078 T __ratio
001a7680 0000008c T __copybits
001a770c 0000005c T __any_on
001a7768 00000070 T _fwalk_sglue
001a77d8 000005e0 t get_arg
001a7db8 00003554 T _vfprintf_r
001ab30c 000000b4 t __sbprintf
001ab3c0 000000a0 T _wcrtomb_r
001ab460 000000b8 T __submore
001ab518 000000a4 T __ssprint_r
001ab5bc 00000340 T __utf8_mbtowc
001ab8fc 000004a4 T __sfvwrite_r
001abda0 0000009c T _raise_r
001abe3c 00000020 T raise
001abe5c 00000030 T __sprint_r
001abe8c 000001c0 t quorem
001ac050 00001420 T _dtoa_r
001ad470 00000028 T _wcsrtombs_r
001ad498 00000038 T iswspace_l
001ad4d0 0000012c T __ssputs_r
001ad5fc 0000015c T _wcsnrtombs_l
001ad758 00000064 T _wcsnrtombs_r
001ad7bc 00000090 T category
001ad84c 00000020 T _exit
001ad86c 00000140 T chdir
001ad9ac 000001c8 T _concatenate_path
001adb74 00000070 t __dirnext
001adbe4 00000114 T opendir
001adcf8 00000098 T closedir
001add90 000000f8 T readdir_r
001ade88 00000048 T readdir
001aded0 0000009c T _fstat_r
001adf6c 00000014 T _getpid_r
001adf80 0000002c T __getreent
001adfac 000000a0 T __release_handle
001ae04c 000000b0 T __alloc_handle
001ae0fc 00000058 T __get_handle
001ae154 00000110 T _close_r
001ae264 00000008 t null_write
001ae26c 00000018 T setDefaultDevice
001ae284 00000098 T FindDevice
001ae31c 00000024 T RemoveDevice
001ae340 00000088 T AddDevice
001ae3c8 00000020 T GetDeviceOpTab
001ae3e8 00000008 T _isatty_r
001ae3f0 00000014 T _kill_r
001ae404 00000094 T _lseek_r
001ae498 00000068 T mkdir
001ae500 000000c0 T _open_r
001ae5c0 00000094 T _read_r
001ae654 00000078 W _sbrk_r
001ae6cc 0000001c T __libc_lock_acquire
001ae6e8 0000001c T __libc_lock_release
001ae704 0000001c T __libc_lock_acquire_recursive
001ae720 0000001c T __libc_lock_release_recursive
001ae73c 00000094 T _write_r
001ae7d0 00000018 t selfrel_offset31
001ae7e8 00000090 t search_EIT_table
001ae878 00000040 t __gnu_unwind_get_pr_addr
001ae8b8 00000110 t get_eit_entry
001ae9c8 00000088 t restore_non_core_regs
001aea50 00000014 t _Unwind_decode_typeinfo_ptr.constprop.0
001aea64 00000004 t _Unwind_DebugHook
001aea68 00000064 t unwind_phase2
001aeacc 0000013c t unwind_phase2_forced
001aec08 000000a4 T __gnu_Unwind_RaiseException
001aecac 00000020 T __gnu_Unwind_ForcedUnwind
001aeccc 00000074 T __gnu_Unwind_Resume
001aed40 00000020 T __gnu_Unwind_Resume_or_Rethrow
001aed60 00000064 T _Unwind_VRS_Get
001aedc4 0000002c t _Unwind_GetGR
001aedf0 00000064 T _Unwind_VRS_Set
001aee54 0000002c t _Unwind_SetGR
001aee80 000000c0 T __gnu_Unwind_Backtrace
001aef40 0000040c t __gnu_unwind_pr_common
001af34c 00000008 T __aeabi_unwind_cpp_pr0
001af354 00000008 W __aeabi_unwind_cpp_pr1
001af35c 00000008 W __aeabi_unwind_cpp_pr2
001af364 00000458 T _Unwind_VRS_Pop
001af7bc 00000064 t next_unwind_byte
001af820 00000464 T __gnu_unwind_execute
001afc84 T _fini
001b002c 00000004 R THEME_COUNT
001b03f8 00000008 r s_defaultTint.0
001b563c r .LC2
001b7b38 00000015 r __func__.0
001b7b50 0000001b r __func__.0
001b7b74 00000008 r __func__.1
001b7b7c 0000000d r __func__.2
001b7b8c 0000000e r __func__.3
001b7b9c 00000008 r __func__.4
001b7ba4 0000001b r __func__.5
001b7bc0 0000000e r __func__.6
001b7bd0 0000000a r __func__.7
001b7bdc 00000024 r freqs
001b7c00 00000180 r tabsel_123
001b7d80 0000000e r __func__.0
001b7d90 00000014 r __func__.2
001b7da4 0000001f r __func__.3
001b7dc4 00000012 r __func__.4
001b7dd8 00000016 r __func__.5
001b7df0 00000019 r __func__.6
001b7e0c 00000017 r __func__.7
001b7e34 00000010 r __func__.0
001b7e44 00000010 r __func__.1
001b7e54 0000001b r __func__.2
001b7e70 00000030 r my_encodings
001b7ea0 00000024 r my_rates
001b7ecc 00000010 r CSWTCH.49
001b7edc 00000010 r __func__.0
001b7eec 0000000d r __func__.1
001b7efc 0000000e r __func__.2
001b7f0c 0000000f r __func__.3
001b7f1c 00000010 r __func__.4
001b7f2c 00000015 r __func__.5
001b7f44 0000000c r __func__.6
001b7f50 00000011 r __func__.7
001b7f64 00000013 r __func__.8
001b7f78 00000010 r encoding_widths
001b7f88 00000010 r text_converters
001b7f98 00000019 r frame_type
001b7fb4 00000015 r __func__.0
001b7fcc 0000000d r __func__.1
001b7fdc 0000001b r __func__.2
001b7ff8 00000100 r synth_base
001b80f8 00000054 r decname
001b814c 00000006 r dn_nodec
001b8154 0000000c r dn_sse_vintage
001b8160 00000011 r dn_dreidnowext_vintage
001b8174 0000000e r dn_dreidnow_vintage
001b8184 00000004 r dn_avx
001b8188 00000007 r dn_neon64
001b8190 00000005 r dn_neon
001b8198 00000004 r dn_arm
001b819c 00000007 r dn_x86_64
001b81a4 00000004 r dn_sse
001b81a8 00000008 r dn_altivec
001b81b0 00000009 r dn_dreidnowext
001b81bc 00000006 r dn_dreidnow
001b81c4 00000004 r dn_mmx
001b81c8 0000000c r dn_ifuenf_dither
001b81d4 00000005 r dn_ifuenf
001b81dc 00000005 r dn_ivier
001b81e4 00000005 r dn_idrei
001b81ec 0000000f r dn_generic_dither
001b81fc 00000008 r dn_generic
001b8204 00000005 r dn_autodec
001b820c 00000013 r __func__.0
001b8220 0000000d r __func__.1
001b8230 0000000d r __func__.2
001b8240 00000012 r __func__.3
001b8254 00000011 r __func__.5
001b8268 0000001c r __func__.0
001b8284 00000404 r intwinbase
001b8688 00000004 r cos4
001b868c 00000008 r cos8
001b8694 00000010 r cos16
001b86a4 00000020 r cos32
001b86c4 00000040 r cos64
001b8704 00000008 r __func__.0
001b870c 0000000b r __func__.1
001b8718 0000000d r __func__.2
001b8728 0000000b r __func__.3
001b8734 00000011 r __func__.4
001b8748 00000008 r __func__.0
001b8750 0000000c r __func__.1
001b875c 00000011 r __func__.2
001b8770 00000c00 r grp_9tab
001b9370 00000180 r grp_5tab
001b94f0 00000060 r grp_3tab
001b9550 00001b00 r layer12_table
001bb050 00000310 r alloc_4
001bb360 000001c0 r alloc_3
001bb520 00000140 r alloc_2
001bb660 000004b0 r alloc_1
001bbb10 00000480 r alloc_0
001bbf90 00000016 r __func__.0
001bbfa8 00000008 r __func__.1
001bbfb0 00000012 r __func__.2
001bbfc4 00000011 r __func__.3
001bbfd8 000003de r bandInfo
001bc3b8 00000200 r i_slen2
001bc5b8 00000400 r n_slen2
001bc9b8 0000006c r mapend
001bca24 0000006c r map
001bca90 00000318 r mapbuf2
001bcda8 00000af8 r mapbuf1
001bd8a0 00000ab0 r mapbuf0
001be350 00000100 r pow2_2
001be450 00000100 r pow1_2
001be550 00000100 r pow2_1
001be650 00000100 r pow1_1
001be750 00000040 r tan2_2
001be790 00000040 r tan1_2
001be7d0 00000040 r tan2_1
001be810 00000040 r tan1_1
001be850 00000240 r win1
001bea90 00000240 r win
001becd0 0000803c r ispow
001c6d0c 00000010 r htc
001c6d1c 00000100 r ht
001c6e1c 0000003e r tab_c1
001c6e5c 0000003e r tab_c0
001c6e9c 00000800 r tab24_
001c769c 00000820 r tab16_
001c7ebc 000007e0 r tab15_
001c869c 000007e0 r tab13_
001c8e7c 000001e0 r tab12_
001c905c 000001e0 r tab11_
001c923c 00000220 r tab10_
001c945c 00000100 r tab9_
001c955c 00000100 r tab8_
001c965c 00000120 r tab7_
001c977c 00000080 r tab6_
001c97fc 00000060 r tab5_
001c985c 00000060 r tab3_
001c98bc 00000060 r tab2_
001c991c 00000020 r tab1_
001c993c 00000020 r tab0_
001c995c R render2d_shbin
001c9ae8 00000004 r depthFmtSizes
001c9ae8 R render2d_shbin_end
001c9aec 00000005 r colorFmtSizes
001c9af4 00000010 r CSWTCH.11
001c9b04 00000038 r CSWTCH.19
001c9b3c 00000004 R id3_ucs4_empty
001c9b40 00000018 r __func__.1
001c9b58 00000011 r __func__.10
001c9b6c 00000018 r __func__.11
001c9b84 00000015 r __func__.12
001c9b9c 00000016 r __func__.13
001c9bb4 00000014 r __func__.14
001c9bc8 00000015 r __func__.15
001c9be0 00000018 r __func__.16
001c9bf8 00000014 r __func__.17
001c9c0c 00000015 r __func__.2
001c9c24 0000001a r __func__.20
001c9c40 00000010 r __func__.23
001c9c50 00000011 r __func__.25
001c9c64 0000000f r __func__.26
001c9c74 00000015 r __func__.3
001c9c89 00000001 r empty.0
001c9c8c 00000010 r __func__.1
001c9c9c 00000011 r __func__.2
001c9cb0 00000011 r __func__.3
001c9cc4 00000011 r __func__.4
001c9cd8 0000000e r __func__.1
001c9ce8 0000000f r __func__.10
001c9cf8 0000000f r __func__.11
001c9d08 0000000f r __func__.12
001c9d18 0000000e r __func__.2
001c9d28 00000012 r __func__.3
001c9d3c 00000014 r __func__.5
001c9d50 00000014 r __func__.6
001c9d64 00000012 r __func__.7
001c9d78 00000010 r __func__.8
001c9d88 00000010 r __func__.9
001c9d98 0000000d r __func__.4
001c9da8 0000000f r __func__.5
001c9db8 0000000e r __func__.6
001c9dc8 00000014 r __func__.0
001c9ddc 00000013 r __func__.1
001c9df0 0000000f r __func__.2
001c9e00 00000101 r asso_values.0
001c9f04 00000004 r fields_AENC
001c9f08 00000005 r fields_APIC
001c9f10 00000005 r fields_ASPI
001c9f18 00000004 r fields_COMM
001c9f1c 00000009 r fields_COMR
001c9f28 00000003 r fields_ENCR
001c9f2c 00000003 r fields_EQU2
001c9f30 00000002 r fields_ETCO
001c9f34 00000005 r fields_GEOB
001c9f3c 00000003 r fields_GRID
001c9f40 00000003 r fields_LINK
001c9f44 00000001 r fields_MCDI
001c9f48 00000006 r fields_MLLT
001c9f50 00000004 r fields_OWNE
001c9f54 00000001 r fields_PCNT
001c9f58 00000003 r fields_POPM
001c9f5c 00000002 r fields_POSS
001c9f60 00000002 r fields_PRIV
001c9f64 00000003 r fields_RBUF
001c9f68 00000002 r fields_RVA2
001c9f6c 0000000a r fields_RVRB
001c9f78 00000001 r fields_SEEK
001c9f7c 00000002 r fields_SIGN
001c9f80 00000006 r fields_SYLT
001c9f88 00000002 r fields_SYTC
001c9f8c 00000003 r fields_TXXX
001c9f90 00000002 r fields_UFID
001c9f94 00000003 r fields_USER
001c9f98 00000004 r fields_USLT
001c9f9c 00000003 r fields_WXXX
001c9fa0 00000002 r fields_ZOBS
001c9fa4 00000002 r fields_text
001c9fa8 00000001 r fields_unknown
001c9fac 00000001 r fields_url
001c9fb0 00000014 R id3_frametype_experimental
001c9fc4 00000014 R id3_frametype_obsolete
001c9fd8 00000014 R id3_frametype_text
001c9fec 00000014 R id3_frametype_unknown
001ca000 00000014 R id3_frametype_url
001ca014 00000138 r lookup.2
001ca14c 00000690 r wordlist.1
001ca7dc 00000011 r __func__.0
001ca7f0 0000000f r __func__.1
001ca800 00000101 r asso_values.2
001ca904 00000100 r lookup.4
001caa04 0000036c r wordlist.3
001cad70 00000400 r crc_table
001cb17c 00000004 r mybuffer.0
001cb210 00000044 r rgb_pixelsize
001cb27c 00000010 r dither_matrix
001cb2b4 00000010 r dither_matrix
001cb2c4 0000020c r jpeg_std_message_table
001cb4d0 00000008 r extra_pool_slop
001cb4d8 00000008 r first_pool_slop
001cb4e0 00000100 r base_dither_matrix
001cb5e0 00000044 r rgb_blue
001cb624 00000044 r rgb_green
001cb668 00000044 r rgb_red
001cb6ac 00000100 r base_dither_matrix
001cb7ac 00000044 r rgb_blue
001cb7f0 00000044 r rgb_green
001cb834 00000044 r rgb_red
001cb878 0000000c r c_scales
001cb884 00000044 r rgb_blue
001cb8c8 00000044 r rgb_green
001cb90c 00000044 r rgb_red
001cb950 0000000c r c_scales
001cb95c 00000044 r rgb_blue
001cb9a0 00000044 r rgb_green
001cb9e4 00000044 r rgb_red
001cba28 00000140 R jpeg_natural_order
001cbb68 00000024 r CSWTCH.60
001cbb8c 00000024 r CSWTCH.58
001cbbb0 00000024 r CSWTCH.39
001cbc2c 00000010 r dither_matrix
001cbc3c 00000044 r rgb_pixelsize
001cbc80 00000044 r rgb_blue
001cbcc4 00000044 r rgb_green
001cbd08 00000044 r rgb_red
001cbda4 00000010 r dither_matrix
001cbdb4 00000044 r rgb_pixelsize
001cbdf8 00000044 r rgb_blue
001cbe3c 00000044 r rgb_green
001cbe80 00000044 r rgb_red
001cbf08 00000010 r dither_matrix
001cbf18 00000044 r rgb_pixelsize
001cbf5c 00000044 r rgb_blue
001cbfa0 00000044 r rgb_green
001cbfe4 00000044 r rgb_red
001cc038 00000040 r aanscalefactor.0
001cc078 00000080 r aanscales.1
001cc108 0000000c r CSWTCH.4
001cc118 00000040 r aanscalefactor.0
001cc158 00000080 r aanscales.1
001cc1d8 000000a2 r val_ac_chrominance.0
001cc27c 00000011 r bits_ac_chrominance.1
001cc290 0000000c r val_dc_chrominance.2
001cc29c 00000011 r bits_dc_chrominance.3
001cc2b0 000000a2 r val_ac_luminance.4
001cc354 00000011 r bits_ac_luminance.5
001cc368 0000000c r val_dc_luminance.6
001cc374 00000011 r bits_dc_luminance.7
001cc3a8 000001c8 R jpeg_aritab
001cc620 00000008 r jsimd_ycc_rgb_convert_neon_consts
001cc630 00000018 r jsimd_idct_4x4_neon_consts
001cc650 00000008 r jsimd_idct_2x2_neon_consts
001cc660 00000020 r jsimd_idct_islow_neon_consts
001cc680 00000008 r jsimd_idct_ifast_neon_consts
001cc6c0 00000008 r jsimd_ycc_rgb_convert_neon_consts
001cc72c 00000008 r png_signature.1
001cc734 00000200 R png_sRGB_delta
001cc934 00000400 R png_sRGB_base
001ccd34 00000200 R png_sRGB_table
001ccf34 0000000c r D50_nCIEXYZ
001ccf48 00000011 r digits.1
001ccf5c 00000010 r png_digit
001ccfa4 00000023 r chunks_to_process.0
001cd034 00000090 r row_mask.0
001cd0c4 00000048 r display_mask.1
001cd10c 000000e0 r read_chunks
001cd1ec 00000007 r png_pass_yinc
001cd1f4 00000007 r png_pass_ystart
001cd1fc 00000007 r png_pass_inc
001cd204 00000007 r png_pass_start
001cd20c 00000069 r chunks_to_ignore.0
001cd280 00000100 r fourbppswaptable
001cd380 00000100 r twobppswaptable
001cd480 00000100 r onebppswaptable
001cd580 00001000 r crc_braid_table
001ce580 00000400 r crc_table
001ce9c0 00000080 r distfix.0
001cea40 00000800 r lenfix.1
001cf240 00000026 r order.2
001cf268 00000040 r dext.0
001cf2a8 00000040 r dbase.1
001cf2e8 0000003e r lext.2
001cf328 0000003e r lbase.3
001cf370 00000011 r dsp_filename.0
001cf3a0 00000008 r morton_y.2
001cf3a8 00000008 r morton_x.3
001cf3b0 00000008 r s_sleepWakeEvents.4
001cf3b8 0000000c r serviceNameTable.5
001cf3c4 00000030 r error_table
001cf3f4 00000080 r archive_devoptab
001cf474 00000060 R __inv_pio4
001cf4d8 000000e0 R __sincosf_table
001cf5b8 00000870 R __exp_data
001cfe28 00001048 R __pow_log_data
001d0e70 00001090 R __log_data
001d2054 00000022 r basefix.0
001d20d8 00000014 r fpinan.0
001d20ec 00000014 r fpi.1
001d2100 00000028 r tinytens
001d2128 00000100 R __hexdig
001d23a4 00000010 r zeroes.0
001d23b4 00000010 r blanks.1
001d24b0 00000010 r zeroes.0
001d24c0 00000010 r blanks.1
001d24d0 00000101 R _ctype_
001d25d4 0000000c r p05.0
001d25e0 00000028 R __mprec_bigtens
001d2608 000000c8 R __mprec_tens
001d27bc 00000010 r zeroes.0
001d27cc 00000010 r blanks.1
001d27dc 0000006c R __action_table
001d2848 0000006c R __state_table
001d28b4 00000100 R __chclass
001d29bc 000037f8 r categories
001d61b4 00000080 R dotab_stdnull
001d624c R __tdata_align
001d6250 r __EH_FRAME_BEGIN__
001d6250 R __exidx_start
001d62e0 R __exidx_end
001d7000 00000004 D playbackSpeed
001d7004 00000004 D sampleRate
001d7008 00000001 D disableLRSkipClosed
001d700c 00000200 D currentDir
001d720c 00000004 D lastSelected
001d7210 00000118 D themes
001d7328 00000030 d bad_reader
001d7358 000000f0 d readers
001d7448 00000014 D INT123_pnts
001d745c 0000002c d pretab_choice
001d7488 00000008 d framerateCounter
001d7490 00000004 d framerate
001d7494 00000004 d queueLock
001d7498 00000004 d aptChainloadDeliverArgSize
001d749c 00000004 d kCount
001d74a0 00000004 d kInterval
001d74a4 00000004 d kDelay
001d74a8 W __stacksize__
001d74ac 00000004 D _impure_ptr
001d74b0 00000200 D _impure_data
001d76b0 00000254 D __global_locale
001d7904 00000004 D __malloc_sbrk_base
001d7908 00000004 D __malloc_trim_threshold
001d7910 00000408 D __malloc_av_
001d7d18 0000000c D __sglue
001d7d24 00000004 D environ
001d7d28 00000400 d _current_working_directory
001d8128 00001000 d handles
001d9128 0000000c d __stderr_handle
001d9134 0000000c d __stdout_handle
001d9140 0000000c d __stdin_handle
001d914c 0000008c D devoptab_list
001d91d8 00000004 d defaultDevice
001d91e4 d _GLOBAL_OFFSET_TABLE_
001d91f0 D __tdata_lma
001d91f8 d __frame_dummy_init_array_entry
001d91f8 D __init_array_start
001d91f8 B __preinit_array_end
001d91f8 B __preinit_array_start
001d91f8 D __tdata_lma_end
001d91fc d __do_global_dtors_aux_fini_array_entry
001d91fc D __fini_array_start
001d91fc D __init_array_end
001d9200 D __bss_start__
001d9200 D __fini_array_end
001d9200 00000004 B mh
001d9204 00000001 B paused
001d9205 00000001 B playing
001d9208 00000100 B nowPlayingName
001d9308 00000200 B nowPlayingPath
001d9508 00000100 B nowPlayingArtist
001d9608 00000100 B nowPlayingTitle
001d9708 00000100 B nowPlayingAlbum
001d9808 00000008 B trackLen
001d9810 00000004 B audioBuf
001d9814 00000040 B visualizerAmplitude
001d9854 00000004 B globalAmplitude
001d9858 00000030 B waveBuf
001d9888 00000001 B playbackMode
001d988c 00000004 B scrollOffset
001d9890 00000004 B selected
001d9894 00000004 B entryCount
001d9898 00000004 B playlistCount
001d989c 000c0400 B playlist
00299c9c 000c0400 B entries
0035a09c 00000001 B currentScreen
0035a0a0 00000004 B settingsPage
0035a0a4 00000004 B scrollTick
0035a0a8 00000001 B updateStatus
0035a0ac 00000020 B remoteVersion
0035a0cc 00000004 B currentTheme
0035a0d0 00000004 B dynBuf
0035a0d4 00000001 B hasArt
0035a0d8 00000008 B artImage
0035a0e0 00000018 B artTex
0035a0f8 00000040 b availBuf.2
0035a138 00000004 B topTarget
0035a13c 00000004 B botTarget
0035a140 00000200 b wrappedTitle.1
0035a340 00000200 b wrappedMeta.0
0035a540 000005a8 B __C2Di_Context
0035aae8 00000040 b s_projTop
0035ab28 00000040 b s_projBot
0035ab68 00000004 b uLoc_mdlvMtx
0035ab6c 00000004 b uLoc_projMtx
0035ab70 00000004 b s_glyphSheets
0035ab74 00000004 b s_textScale
0035ab78 b completed.1
0035ab7c b object.0
0035ab94 0000000c b hookCookie
0035aba0 000002d0 B __C3D_Context
0035ae70 00000004 b frameEndCbData
0035ae74 00000004 b frameEndCb
0035ae78 00000008 b frameCounter
0035ae80 00000001 b isTopStereo
0035ae81 00000001 b needSwapBot
0035ae82 00000001 b needSwapTop
0035ae83 00000001 b measureGpuTime
0035ae84 00000001 b inSafeTransfer
0035ae85 00000001 b inFrame
0035ae88 00000010 b cpuTime
0035ae98 00000010 b gpuTime
0035aea8 0000000c b linkedTarget
0035aeb4 00000004 b lastTarget
0035aeb8 00000004 b firstTarget
0035aebc 00000008 b C3Di_IVUnifEverDirty
0035aec4 000000c0 b C3Di_FVUnifEverDirty
0035af84 00000018 b C3Di_ShaderFVecData
0035af9c 00000002 B C3D_BoolUnifsDirty
0035afa0 00000008 B C3D_IVUnifDirty
0035afa8 000000c0 B C3D_FVUnifDirty
0035b068 00000004 B C3D_BoolUnifs
0035b06c 00000020 B C3D_IVUnif
0035b08c 00000c00 B C3D_FVUnif
0035bc90 00000008 b sLinearPool
0035bc98 0000000c b sAddrMap
0035bca8 00000008 b sVramPoolB
0035bcb0 00000008 b sVramPoolA
0035bcb8 0000000c b sAddrMap
0035bcc4 00000004 b sharedFontAddr
0035bcc8 00000004 B g_sharedFont
0035bccc 00000004 b screenAlloc
0035bcd0 00000004 b screenFree
0035bcd4 00000002 b gfxIsDoubleBuf
0035bcd8 00000002 b gfxCurBuf
0035bcda 00000001 b gfxIsVram
0035bcdb 00000001 b gfxTopMode
0035bcdc 00000002 b gfxFramebufferFormats
0035bce0 00000004 b gfxBottomFramebufferMaxSize
0035bce4 00000004 b gfxTopFramebufferMaxSize
0035bce8 00000008 b gfxBottomFramebuffers
0035bcf0 00000008 b gfxTopFramebuffers
0035bcf8 00000001 V __ctru_speedup
0035bcfc 00000004 B gpuCmdBufOffset
0035bd00 00000004 B gpuCmdBufSize
0035bd04 00000004 B gpuCmdBuf
0035bd08 00000004 b boundQueue
0035bd0c 00000001 b shouldStop
0035bd0d 00000001 b isRunning
0035bd0e 00000001 b isActive
0035bd10 00000004 b curQueue
0035bd14 00000004 b ndspRefCount
0035bd18 00000048 b ndspMaster
0035bd60 00000004 b ndspThread
0035bd64 00000001 b ndspThreadRun
0035bd68 00001080 b dspVar5Backup
0035cde8 00000004 b ndspMutex
0035cdec 00000008 b sleepEvent
0035cdf4 00000004 b dspSem
0035cdf8 00000004 b irqEvent
0035cdfc 00000008 b ndspHookCookie
0035ce04 00000001 b componentFree
0035ce06 00000002 b componentDataMask
0035ce08 00000002 b componentProgMask
0035ce0c 00000004 b componentSize
0035ce10 00000004 b componentBin
0035ce14 00000004 b frameCount
0035ce18 00000004 b droppedFrames
0035ce1c 00000001 b bCancelReceived
0035ce1d 00000001 b bSleeping
0035ce1e 00000001 b bEnteringSleep
0035ce1f 00000001 b bDspReady
0035ce20 00000080 B ndspVars
0035cea0 00000002 B ndspBufferId
0035cea2 00000002 B ndspBufferCurId
0035cea4 00000002 B ndspFrameId
0035cea8 00000c60 b ndspChn
0035db08 00000001 b flagValue.0
0035db09 00000001 b flagInit.1
0035db0c 00000004 b serviceName.6
0035db10 00000001 b aptChainloadFlags
0035db11 00000001 b aptChainloadMediatype
0035db14 00000020 b aptChainloadHmac
0035db34 00000300 b aptChainloadDeliverArg
0035de38 00000008 b aptChainloadTid
0035de40 00001000 b aptParameters
0035ee40 00000004 b aptFlags
0035ee44 00000001 b aptHomeButtonState
0035ee48 00000004 b aptMessageFuncData
0035ee4c 00000004 b aptMessageFunc
0035ee50 0000000c b aptFirstHook
0035ee5c 00000001 b aptEventHandlerThreadQuit
0035ee60 00000004 b aptEventHandlerThread
0035ee64 00000008 b aptSleepEvent
0035ee6c 00000008 b aptReceiveEvent
0035ee74 00000008 b aptEvents
0035ee7c 00000004 b aptLockHandle
0035ee80 00000004 b aptRefCount
0035ee84 00000004 b cfguRefCount
0035ee88 00000004 b cfguHandle
0035ee8c 00000002 b dspSavedCompDataMask
0035ee8e 00000002 b dspSavedCompProgMask
0035ee90 00000004 b dspSavedCompSize
0035ee94 00000004 b dspSavedCompBin
0035ee98 00000001 b dspSleeping
0035ee99 00000001 b dspComponentLoaded
0035ee9c 00000008 b dspFirstHook
0035eea4 00000004 b dspRefCount
0035eea8 00000004 b dspHandle
0035eeb0 00000080 b fsExemptArchives
0035ef30 00000004 b fsuRefCount
0035ef34 00000004 b fsuHandle
0035ef38 00000007 b gspEventCbOneShot
0035ef40 0000001c b gspEventCbData
0035ef5c 0000001c b gspEventCb
0035ef78 00000038 b gspEvents
0035efb0 00000004 b gspLastEvent
0035efb4 00000001 b gspRunEvents
0035efb8 00000004 b gspEventThread
0035efbc 00000004 b gspEvent
0035efc0 00000001 b gspGpuRight
0035efc1 00000001 b gspThreadId
0035efc4 00000004 b gspSharedMem
0035efc8 00000004 b gspSharedMemHandle
0035efcc 00000004 b gspRefCount
0035efd0 00000004 b gspGpuHandle
0035efd4 00000001 b usingIrrst
0035efd8 00000004 b hidRefCount
0035efdc 00000006 b gRate
0035efe4 00000006 b aVec
0035efec 00000004 b cPos
0035eff0 00000004 b tPos
0035eff4 00000004 b kRepeat
0035eff8 00000004 b kUp
0035effc 00000004 b kDown
0035f000 00000004 b kHeld
0035f004 00000004 b kOld
0035f008 00000004 B hidSharedMem
0035f00c 00000014 B hidEvents
0035f020 00000004 B hidMemHandle
0035f024 00000004 B hidHandle
0035f028 00000004 b __httpc_sharedmem_handle
0035f02c 00000004 b __httpc_sharedmem_size
0035f030 00000004 B __httpc_sharedmem_addr
0035f034 00000004 b __httpc_refcount
0035f038 00000004 B __httpc_servhandle
0035f03c 00000004 b irrstRefCount
0035f040 00000004 b csPos
0035f044 00000004 b kHeld
0035f048 00000004 B irrstSharedMem
0035f04c 00000004 B irrstEvent
0035f050 00000004 B irrstMemHandle
0035f054 00000004 B irrstHandle
0035f058 00000004 b ptmSysmRefCount
0035f05c 00000004 b ptmSysmHandle
0035f060 00000004 b ptmuRefCount
0035f064 00000004 b ptmuHandle
0035f068 00000004 V __ctru_linear_heap_size
0035f06c 00000004 V __ctru_heap_size
0035f070 00000004 B __ctru_linear_heap
0035f074 00000004 B __ctru_heap
0035f078 00000004 B __system_retAddr
0035f07c 00000004 B __system_argv
0035f080 00000004 B __system_argc
0035f084 b saved_stack
0035f08c 00000004 B __3dslink_host
0035f090 00000004 b srvRefCount
0035f094 00000004 b srvHandle
0035f098 00000004 b arbiter
0035f09c 00000004 b currentAddr
0035f0a0 00000004 b maxAddr
0035f0a4 00000004 b minAddr
0035f0a8 00000004 b srvPmHandle
0035f0b0 000005c0 b archive_devices
0035f670 00000004 b archive_device_cwd
0035f674 00000001 b archive_initialized
0035f678 00000028 B __malloc_current_mallinfo
0035f6a0 00000004 B __malloc_max_total_mem
0035f6a4 00000004 B __malloc_max_sbrked_mem
0035f6a8 00000004 B __malloc_top_pad
0035f6ac 0000000c b __sfp_recursive_mutex
0035f6b8 00000168 B __sf
0035f820 00000004 B __stdio_exit_handler
0035f824 0000000c b __malloc_recursive_mutex
0035f830 0000000c b __env_recursive_mutex
0035f83c 00000004 b initial_env
0035f840 00000400 b temp_cwd
0035fc40 00000004 b __hndl_lock
0035fc44 00000004 B fake_heap_start
0035fc48 00000004 B fake_heap_end
0035fc4c 00000004 b heap_start.0
0035fc50 B __tls_start
00360860 B __bss_end__
00360860 A __end__
00360860 B __tls_end
